
CondaError: Run 'conda init' before 'conda activate'

cp: -r not specified; omitting directory '/global/home/users/meshal/SIESTA/materials/MoS2/Monolayer/rectangular/1x10/4//Structure'
cp: -r not specified; omitting directory '/global/home/users/meshal/SIESTA/materials/MoS2/Monolayer/rectangular/1x10/4//relaxedStructure'
slurmstepd: error: *** JOB 24215034 ON n0059.savio3 CANCELLED AT 2025-03-18T14:08:10 DUE TO PREEMPTION ***

CondaError: Run 'conda init' before 'conda activate'

cp: -r not specified; omitting directory '/global/home/users/meshal/SIESTA/materials/MoS2/Monolayer/rectangular/1x10/4//Structure'
cp: -r not specified; omitting directory '/global/home/users/meshal/SIESTA/materials/MoS2/Monolayer/rectangular/1x10/4//relaxedStructure'
slurmstepd: error: *** JOB 24215034 ON n0075.savio3 CANCELLED AT 2025-03-18T21:26:47 DUE TO PREEMPTION ***

CondaError: Run 'conda init' before 'conda activate'

cp: -r not specified; omitting directory '/global/home/users/meshal/SIESTA/materials/MoS2/Monolayer/rectangular/1x10/4//Structure'
cp: -r not specified; omitting directory '/global/home/users/meshal/SIESTA/materials/MoS2/Monolayer/rectangular/1x10/4//relaxedStructure'
slurmstepd: error: *** JOB 24215034 ON n0043.savio3 CANCELLED AT 2025-03-19T00:04:45 DUE TO PREEMPTION ***

CondaError: Run 'conda init' before 'conda activate'

cp: -r not specified; omitting directory '/global/home/users/meshal/SIESTA/materials/MoS2/Monolayer/rectangular/1x10/4//Structure'
cp: -r not specified; omitting directory '/global/home/users/meshal/SIESTA/materials/MoS2/Monolayer/rectangular/1x10/4//relaxedStructure'
slurmstepd: error: *** JOB 24215034 ON n0057.savio3 CANCELLED AT 2025-03-19T10:37:38 DUE TO PREEMPTION ***

CondaError: Run 'conda init' before 'conda activate'

cp: -r not specified; omitting directory '/global/home/users/meshal/SIESTA/materials/MoS2/Monolayer/rectangular/1x10/4//Structure'
cp: -r not specified; omitting directory '/global/home/users/meshal/SIESTA/materials/MoS2/Monolayer/rectangular/1x10/4//relaxedStructure'
slurmstepd: error: *** JOB 24215034 ON n0057.savio3 CANCELLED AT 2025-03-19T11:29:38 DUE TO PREEMPTION ***

CondaError: Run 'conda init' before 'conda activate'

cp: -r not specified; omitting directory '/global/home/users/meshal/SIESTA/materials/MoS2/Monolayer/rectangular/1x10/4//Structure'
cp: -r not specified; omitting directory '/global/home/users/meshal/SIESTA/materials/MoS2/Monolayer/rectangular/1x10/4//relaxedStructure'
slurmstepd: error: *** JOB 24215034 ON n0048.savio3 CANCELLED AT 2025-03-19T16:27:37 DUE TO PREEMPTION ***

CondaError: Run 'conda init' before 'conda activate'

cp: -r not specified; omitting directory '/global/home/users/meshal/SIESTA/materials/MoS2/Monolayer/rectangular/1x10/4//Structure'
cp: -r not specified; omitting directory '/global/home/users/meshal/SIESTA/materials/MoS2/Monolayer/rectangular/1x10/4//relaxedStructure'
slurmstepd: error: *** JOB 24215034 ON n0106.savio3 CANCELLED AT 2025-03-19T19:23:06 DUE TO PREEMPTION ***

CondaError: Run 'conda init' before 'conda activate'

cp: -r not specified; omitting directory '/global/home/users/meshal/SIESTA/materials/MoS2/Monolayer/rectangular/1x10/4//Structure'
cp: -r not specified; omitting directory '/global/home/users/meshal/SIESTA/materials/MoS2/Monolayer/rectangular/1x10/4//relaxedStructure'
slurmstepd: error: *** JOB 24215034 ON n0028.savio3 CANCELLED AT 2025-03-23T04:02:31 DUE TO TIME LIMIT ***

CondaError: Run 'conda init' before 'conda activate'

slurmstepd: error: *** JOB 25006675 ON n0059.savio3 CANCELLED AT 2025-04-24T14:35:35 ***

CondaError: Run 'conda init' before 'conda activate'

cp: -r not specified; omitting directory '/global/home/users/meshal/SIESTA/materials/MoS2/Monolayer/rectangular/1x10/4//Structure'
cp: -r not specified; omitting directory '/global/home/users/meshal/SIESTA/materials/MoS2/Monolayer/rectangular/1x10/4//relaxedStructure'
slurmstepd: error: *** JOB 25006698 ON n0196.savio3 CANCELLED AT 2025-04-25T11:36:55 DUE TO PREEMPTION ***

CondaError: Run 'conda init' before 'conda activate'

cp: -r not specified; omitting directory '/global/home/users/meshal/SIESTA/materials/MoS2/Monolayer/rectangular/1x10/4//Structure'
cp: -r not specified; omitting directory '/global/home/users/meshal/SIESTA/materials/MoS2/Monolayer/rectangular/1x10/4//relaxedStructure'
slurmstepd: error: *** JOB 25006698 ON n0018.savio3 CANCELLED AT 2025-04-25T15:30:05 DUE TO PREEMPTION ***

CondaError: Run 'conda init' before 'conda activate'

cp: -r not specified; omitting directory '/global/home/users/meshal/SIESTA/materials/MoS2/Monolayer/rectangular/1x10/4//Structure'
cp: -r not specified; omitting directory '/global/home/users/meshal/SIESTA/materials/MoS2/Monolayer/rectangular/1x10/4//relaxedStructure'
slurmstepd: error: *** JOB 25006698 ON n0059.savio3 CANCELLED AT 2025-04-26T12:53:56 DUE TO PREEMPTION ***

CondaError: Run 'conda init' before 'conda activate'

cp: -r not specified; omitting directory '/global/home/users/meshal/SIESTA/materials/MoS2/Monolayer/rectangular/1x10/4//Structure'
cp: -r not specified; omitting directory '/global/home/users/meshal/SIESTA/materials/MoS2/Monolayer/rectangular/1x10/4//relaxedStructure'
