
CondaError: Run 'conda init' before 'conda activate'

cp: -r not specified; omitting directory '/global/home/users/meshal/SIESTA/materials/MoS2/Monolayer/rectangular/1x10/9//Structure'
cp: -r not specified; omitting directory '/global/home/users/meshal/SIESTA/materials/MoS2/Monolayer/rectangular/1x10/9//relaxedStructure'
slurmstepd: error: *** JOB 24111670 ON n0050.savio4 CANCELLED AT 2025-03-13T17:11:02 DUE TO PREEMPTION ***

CondaError: Run 'conda init' before 'conda activate'

cp: -r not specified; omitting directory '/global/home/users/meshal/SIESTA/materials/MoS2/Monolayer/rectangular/1x10/9//Structure'
cp: -r not specified; omitting directory '/global/home/users/meshal/SIESTA/materials/MoS2/Monolayer/rectangular/1x10/9//relaxedStructure'
slurmstepd: error: *** JOB 24152994 ON n0115.savio3 CANCELLED AT 2025-03-16T18:03:00 ***

CondaError: Run 'conda init' before 'conda activate'

cp: -r not specified; omitting directory '/global/home/users/meshal/SIESTA/materials/MoS2/Monolayer/rectangular/1x10/9//Structure'
cp: -r not specified; omitting directory '/global/home/users/meshal/SIESTA/materials/MoS2/Monolayer/rectangular/1x10/9//relaxedStructure'
slurmstepd: error: *** JOB 24215040 ON n0082.savio3 CANCELLED AT 2025-03-17T14:24:07 DUE TO PREEMPTION ***

CondaError: Run 'conda init' before 'conda activate'

cp: -r not specified; omitting directory '/global/home/users/meshal/SIESTA/materials/MoS2/Monolayer/rectangular/1x10/9//Structure'
cp: -r not specified; omitting directory '/global/home/users/meshal/SIESTA/materials/MoS2/Monolayer/rectangular/1x10/9//relaxedStructure'
slurmstepd: error: *** JOB 24215040 ON n0044.savio3 CANCELLED AT 2025-03-17T16:57:53 DUE TO PREEMPTION ***

CondaError: Run 'conda init' before 'conda activate'

cp: -r not specified; omitting directory '/global/home/users/meshal/SIESTA/materials/MoS2/Monolayer/rectangular/1x10/9//Structure'
cp: -r not specified; omitting directory '/global/home/users/meshal/SIESTA/materials/MoS2/Monolayer/rectangular/1x10/9//relaxedStructure'
slurmstepd: error: *** JOB 24215040 ON n0099.savio3 CANCELLED AT 2025-03-17T17:58:02 DUE TO PREEMPTION ***

CondaError: Run 'conda init' before 'conda activate'

cp: -r not specified; omitting directory '/global/home/users/meshal/SIESTA/materials/MoS2/Monolayer/rectangular/1x10/9//Structure'
cp: -r not specified; omitting directory '/global/home/users/meshal/SIESTA/materials/MoS2/Monolayer/rectangular/1x10/9//relaxedStructure'
slurmstepd: error: *** JOB 24215040 ON n0096.savio3 CANCELLED AT 2025-03-18T20:31:58 DUE TO PREEMPTION ***

CondaError: Run 'conda init' before 'conda activate'

cp: -r not specified; omitting directory '/global/home/users/meshal/SIESTA/materials/MoS2/Monolayer/rectangular/1x10/9//Structure'
cp: -r not specified; omitting directory '/global/home/users/meshal/SIESTA/materials/MoS2/Monolayer/rectangular/1x10/9//relaxedStructure'
slurmstepd: error: *** JOB 24215040 ON n0058.savio3 CANCELLED AT 2025-03-18T22:24:40 DUE TO PREEMPTION ***

CondaError: Run 'conda init' before 'conda activate'

cp: -r not specified; omitting directory '/global/home/users/meshal/SIESTA/materials/MoS2/Monolayer/rectangular/1x10/9//Structure'
cp: -r not specified; omitting directory '/global/home/users/meshal/SIESTA/materials/MoS2/Monolayer/rectangular/1x10/9//relaxedStructure'
slurmstepd: error: *** JOB 24215040 ON n0048.savio3 CANCELLED AT 2025-03-19T15:38:35 DUE TO PREEMPTION ***

CondaError: Run 'conda init' before 'conda activate'

cp: -r not specified; omitting directory '/global/home/users/meshal/SIESTA/materials/MoS2/Monolayer/rectangular/1x10/9//Structure'
cp: -r not specified; omitting directory '/global/home/users/meshal/SIESTA/materials/MoS2/Monolayer/rectangular/1x10/9//relaxedStructure'
slurmstepd: error: *** JOB 24215040 ON n0087.savio3 CANCELLED AT 2025-03-22T17:12:58 DUE TO TIME LIMIT ***

CondaError: Run 'conda init' before 'conda activate'

cp: -r not specified; omitting directory '/global/home/users/meshal/SIESTA/materials/MoS2/Monolayer/rectangular/1x10/9//Structure'
cp: -r not specified; omitting directory '/global/home/users/meshal/SIESTA/materials/MoS2/Monolayer/rectangular/1x10/9//relaxedStructure'
slurmstepd: error: *** JOB 25006680 ON n0127.savio3 CANCELLED AT 2025-04-24T14:50:34 DUE TO PREEMPTION ***

CondaError: Run 'conda init' before 'conda activate'

cp: -r not specified; omitting directory '/global/home/users/meshal/SIESTA/materials/MoS2/Monolayer/rectangular/1x10/9//Structure'
cp: -r not specified; omitting directory '/global/home/users/meshal/SIESTA/materials/MoS2/Monolayer/rectangular/1x10/9//relaxedStructure'
slurmstepd: error: *** JOB 25006680 ON n0023.savio3 CANCELLED AT 2025-04-25T11:29:26 DUE TO PREEMPTION ***

CondaError: Run 'conda init' before 'conda activate'

cp: -r not specified; omitting directory '/global/home/users/meshal/SIESTA/materials/MoS2/Monolayer/rectangular/1x10/9//Structure'
cp: -r not specified; omitting directory '/global/home/users/meshal/SIESTA/materials/MoS2/Monolayer/rectangular/1x10/9//relaxedStructure'
slurmstepd: error: *** JOB 25006680 ON n0253.savio3 CANCELLED AT 2025-04-25T14:48:00 DUE TO PREEMPTION ***

CondaError: Run 'conda init' before 'conda activate'

cp: -r not specified; omitting directory '/global/home/users/meshal/SIESTA/materials/MoS2/Monolayer/rectangular/1x10/9//Structure'
cp: -r not specified; omitting directory '/global/home/users/meshal/SIESTA/materials/MoS2/Monolayer/rectangular/1x10/9//relaxedStructure'
slurmstepd: error: *** JOB 25006680 ON n0022.savio3 CANCELLED AT 2025-04-25T15:18:08 DUE TO PREEMPTION ***

CondaError: Run 'conda init' before 'conda activate'

cp: -r not specified; omitting directory '/global/home/users/meshal/SIESTA/materials/MoS2/Monolayer/rectangular/1x10/9//Structure'
cp: -r not specified; omitting directory '/global/home/users/meshal/SIESTA/materials/MoS2/Monolayer/rectangular/1x10/9//relaxedStructure'
slurmstepd: error: *** JOB 25006680 ON n0103.savio3 CANCELLED AT 2025-04-25T20:05:25 DUE TO PREEMPTION ***

CondaError: Run 'conda init' before 'conda activate'

cp: -r not specified; omitting directory '/global/home/users/meshal/SIESTA/materials/MoS2/Monolayer/rectangular/1x10/9//Structure'
cp: -r not specified; omitting directory '/global/home/users/meshal/SIESTA/materials/MoS2/Monolayer/rectangular/1x10/9//relaxedStructure'
slurmstepd: error: *** JOB 25006680 ON n0131.savio3 CANCELLED AT 2025-04-26T12:36:15 DUE TO PREEMPTION ***

CondaError: Run 'conda init' before 'conda activate'

cp: -r not specified; omitting directory '/global/home/users/meshal/SIESTA/materials/MoS2/Monolayer/rectangular/1x10/9//Structure'
cp: -r not specified; omitting directory '/global/home/users/meshal/SIESTA/materials/MoS2/Monolayer/rectangular/1x10/9//relaxedStructure'
