
CondaError: Run 'conda init' before 'conda activate'

cp: -r not specified; omitting directory '/global/home/users/meshal/SIESTA/materials/MoS2/Monolayer/rectangular/1x10/7//Structure'
cp: -r not specified; omitting directory '/global/home/users/meshal/SIESTA/materials/MoS2/Monolayer/rectangular/1x10/7//relaxedStructure'
slurmstepd: error: *** JOB 24111668 ON n0108.savio4 CANCELLED AT 2025-03-15T23:44:59 DUE TO TIME LIMIT ***

CondaError: Run 'conda init' before 'conda activate'

cp: -r not specified; omitting directory '/global/home/users/meshal/SIESTA/materials/MoS2/Monolayer/rectangular/1x10/7//Structure'
cp: -r not specified; omitting directory '/global/home/users/meshal/SIESTA/materials/MoS2/Monolayer/rectangular/1x10/7//relaxedStructure'
cdiag: Failure to converge standard eigenproblem
Stopping Program from Node:    0
--------------------------------------------------------------------------
MPI_ABORT was invoked on rank 0 in communicator MPI_COMM_WORLD
  Proc: [[3460,0],0]
  Errorcode: 1

NOTE: invoking MPI_ABORT causes Open MPI to kill all MPI processes.
You may or may not see output from other processes, depending on
exactly when Open MPI kills them.
--------------------------------------------------------------------------
cp: cannot stat '../1-Relaxation/MoS2.STRUCT_NEXT_ITER': No such file or directory
cdiag: Failure to converge standard eigenproblem
Stopping Program from Node:    0
--------------------------------------------------------------------------
MPI_ABORT was invoked on rank 0 in communicator MPI_COMM_WORLD
  Proc: [[34838,0],0]
  Errorcode: 1

NOTE: invoking MPI_ABORT causes Open MPI to kill all MPI processes.
You may or may not see output from other processes, depending on
exactly when Open MPI kills them.
--------------------------------------------------------------------------
cp: cannot stat '../1-Relaxation/MoS2.STRUCT_NEXT_ITER': No such file or directory
cdiag: Failure to converge standard eigenproblem
Stopping Program from Node:    0
--------------------------------------------------------------------------
MPI_ABORT was invoked on rank 0 in communicator MPI_COMM_WORLD
  Proc: [[58435,0],0]
  Errorcode: 1

NOTE: invoking MPI_ABORT causes Open MPI to kill all MPI processes.
You may or may not see output from other processes, depending on
exactly when Open MPI kills them.
--------------------------------------------------------------------------
cp: cannot stat '../1-Relaxation/MoS2.STRUCT_NEXT_ITER': No such file or directory

CondaError: Run 'conda init' before 'conda activate'

cp: -r not specified; omitting directory '/global/home/users/meshal/SIESTA/materials/MoS2/Monolayer/rectangular/1x10/7//Structure'
cp: -r not specified; omitting directory '/global/home/users/meshal/SIESTA/materials/MoS2/Monolayer/rectangular/1x10/7//relaxedStructure'
cdiag: Failure to converge standard eigenproblem
Stopping Program from Node:    0
--------------------------------------------------------------------------
MPI_ABORT was invoked on rank 0 in communicator MPI_COMM_WORLD
  Proc: [[55044,0],0]
  Errorcode: 1

NOTE: invoking MPI_ABORT causes Open MPI to kill all MPI processes.
You may or may not see output from other processes, depending on
exactly when Open MPI kills them.
--------------------------------------------------------------------------
cp: cannot stat '../1-Relaxation/MoS2.STRUCT_NEXT_ITER': No such file or directory
cdiag: Failure to converge standard eigenproblem
Stopping Program from Node:    0
--------------------------------------------------------------------------
MPI_ABORT was invoked on rank 0 in communicator MPI_COMM_WORLD
  Proc: [[64150,0],0]
  Errorcode: 1

NOTE: invoking MPI_ABORT causes Open MPI to kill all MPI processes.
You may or may not see output from other processes, depending on
exactly when Open MPI kills them.
--------------------------------------------------------------------------
cp: cannot stat '../1-Relaxation/MoS2.STRUCT_NEXT_ITER': No such file or directory
cdiag: Failure to converge standard eigenproblem
Stopping Program from Node:    0
--------------------------------------------------------------------------
MPI_ABORT was invoked on rank 0 in communicator MPI_COMM_WORLD
  Proc: [[34236,0],0]
  Errorcode: 1

NOTE: invoking MPI_ABORT causes Open MPI to kill all MPI processes.
You may or may not see output from other processes, depending on
exactly when Open MPI kills them.
--------------------------------------------------------------------------
cp: cannot stat '../1-Relaxation/MoS2.STRUCT_NEXT_ITER': No such file or directory
