
CondaError: Run 'conda init' before 'conda activate'

cp: -r not specified; omitting directory '/global/home/users/meshal/SIESTA/materials/MoS2/Monolayer/rectangular/1x10/6//Structure'
cp: -r not specified; omitting directory '/global/home/users/meshal/SIESTA/materials/MoS2/Monolayer/rectangular/1x10/6//relaxedStructure'
slurmstepd: error: *** JOB 24111667 ON n0160.savio4 CANCELLED AT 2025-03-12T23:59:04 DUE TO PREEMPTION ***

CondaError: Run 'conda init' before 'conda activate'

cp: -r not specified; omitting directory '/global/home/users/meshal/SIESTA/materials/MoS2/Monolayer/rectangular/1x10/6//Structure'
cp: -r not specified; omitting directory '/global/home/users/meshal/SIESTA/materials/MoS2/Monolayer/rectangular/1x10/6//relaxedStructure'
cdiag: Failure to converge standard eigenproblem
Stopping Program from Node:    0
--------------------------------------------------------------------------
MPI_ABORT was invoked on rank 0 in communicator MPI_COMM_WORLD
  Proc: [[9094,0],0]
  Errorcode: 1

NOTE: invoking MPI_ABORT causes Open MPI to kill all MPI processes.
You may or may not see output from other processes, depending on
exactly when Open MPI kills them.
--------------------------------------------------------------------------
cp: cannot stat '../1-Relaxation/MoS2.STRUCT_NEXT_ITER': No such file or directory
cdiag: Failure to converge standard eigenproblem
Stopping Program from Node:    0
--------------------------------------------------------------------------
MPI_ABORT was invoked on rank 0 in communicator MPI_COMM_WORLD
  Proc: [[63994,0],0]
  Errorcode: 1

NOTE: invoking MPI_ABORT causes Open MPI to kill all MPI processes.
You may or may not see output from other processes, depending on
exactly when Open MPI kills them.
--------------------------------------------------------------------------
cp: cannot stat '../1-Relaxation/MoS2.STRUCT_NEXT_ITER': No such file or directory
cdiag: Failure to converge standard eigenproblem
Stopping Program from Node:    0
--------------------------------------------------------------------------
MPI_ABORT was invoked on rank 0 in communicator MPI_COMM_WORLD
  Proc: [[16160,0],0]
  Errorcode: 1

NOTE: invoking MPI_ABORT causes Open MPI to kill all MPI processes.
You may or may not see output from other processes, depending on
exactly when Open MPI kills them.
--------------------------------------------------------------------------
cp: cannot stat '../1-Relaxation/MoS2.STRUCT_NEXT_ITER': No such file or directory

CondaError: Run 'conda init' before 'conda activate'

mkdir: cannot create directory ‘/global/scratch’: Input/output error
mkdir: cannot create directory ‘/global/scratch’: Cannot send after transport endpoint shutdown
mkdir: cannot create directory ‘/global/scratch’: Cannot send after transport endpoint shutdown
mkdir: cannot create directory ‘/global/scratch’: Cannot send after transport endpoint shutdown
mkdir: cannot create directory ‘/global/scratch’: Cannot send after transport endpoint shutdown
cp: -r not specified; omitting directory '/global/home/users/meshal/SIESTA/materials/MoS2/Monolayer/rectangular/1x10/6//Structure'
cp: -r not specified; omitting directory '/global/home/users/meshal/SIESTA/materials/MoS2/Monolayer/rectangular/1x10/6//relaxedStructure'
sed: preserving permissions for ‘FILES/sednatIwG’: Input/output error
find: cannot delete ‘./S.ion’: Input/output error
find: cannot delete ‘./kpoints-Relaxation-SOC.txt’: Cannot send after transport endpoint shutdown
find: cannot delete ‘./Mo.ion.nc’: Cannot send after transport endpoint shutdown
find: cannot delete ‘./job.err’: Cannot send after transport endpoint shutdown
find: cannot delete ‘./MESSAGES’: Cannot send after transport endpoint shutdown
find: cannot delete ‘./kpoints-Relaxation.txt’: Cannot send after transport endpoint shutdown
find: cannot delete ‘./Mo.ion’: Cannot send after transport endpoint shutdown
find: cannot delete ‘./PARALLEL_DIST’: Cannot send after transport endpoint shutdown
find: cannot delete ‘./MoS2.xyz’: Cannot send after transport endpoint shutdown
find: cannot delete ‘./kpoints-Static.txt’: Cannot send after transport endpoint shutdown
find: cannot delete ‘./2-Static.fdf’: Cannot send after transport endpoint shutdown
find: cannot delete ‘./siesta.out’: Cannot send after transport endpoint shutdown
cp: cannot stat '../FILES/S.psf': Input/output error
cp: cannot stat '../FILES/job.err': Cannot send after transport endpoint shutdown
cp: cannot stat '../FILES/job.out': Cannot send after transport endpoint shutdown
cp: cannot stat '../FILES/job.sh': Cannot send after transport endpoint shutdown
cp: cannot stat '../FILES/kpoints-PDOS.txt': Cannot send after transport endpoint shutdown
cp: cannot stat '../FILES/kpoints-Relaxation-SOC.txt': Cannot send after transport endpoint shutdown
cp: cannot stat '../FILES/kpoints-Relaxation.txt': Cannot send after transport endpoint shutdown
cp: cannot stat '../FILES/kpoints-Static.txt': Cannot send after transport endpoint shutdown
cp: failed to close 'MoS2.STRUCT_IN': Input/output error
cp: failed to close 'MoS2.STRUCT_OUT': Input/output error
At line 56 of file /home/conda/feedstock_root/build_artifacts/siesta_1733985494728/work/Src/m_iostruct.f (unit = 13, file = 'MoS2.STRUCT_IN')
Fortran runtime error: End of file

Error termination. Backtrace:
#0  0x15412d055ad5 in list_formatted_read_scalar
	at ../../../libgfortran/io/list_read.c:2378
#1  0x556c3df83cb6 in ???
#2  0x556c3de14c34 in ???
#3  0x556c3de07210 in ???
#4  0x556c3ddfb0c4 in ???
#5  0x15412c7b47e4 in ???
#6  0x556c3ddfb25d in ???
#7  0xffffffffffffffff in ???
cp: cannot stat '../FILES/*': No such file or directory
cp: cannot stat '../1-Relaxation/MoS2.STRUCT_NEXT_ITER': No such file or directory
cp: cannot stat '../1-Relaxation/MoS2.DM': No such file or directory
At line 56 of file /home/conda/feedstock_root/build_artifacts/siesta_1733985494728/work/Src/m_iostruct.f (unit = 13, file = 'MoS2.STRUCT_IN')
Fortran runtime error: End of file

Error termination. Backtrace:
#0  0x14dbf2be7ad5 in list_formatted_read_scalar
	at ../../../libgfortran/io/list_read.c:2378
#1  0x55b0ddb6ecb6 in ???
#2  0x55b0dd9ffc34 in ???
#3  0x55b0dd9f2210 in ???
#4  0x55b0dd9e60c4 in ???
#5  0x14dbf23467e4 in ???
#6  0x55b0dd9e625d in ???
#7  0xffffffffffffffff in ???
find: ‘.’: Cannot send after transport endpoint shutdown
cp: cannot open '../FILES/MoS2.STRUCT_OUT' for reading: Input/output error
cp: cannot stat '../FILES/S.psf': Cannot send after transport endpoint shutdown
cp: cannot stat '../FILES/job.err': Cannot send after transport endpoint shutdown
cp: cannot stat '../FILES/job.out': Cannot send after transport endpoint shutdown
cp: cannot stat '../FILES/job.sh': Cannot send after transport endpoint shutdown
cp: cannot stat '../FILES/kpoints-PDOS.txt': Cannot send after transport endpoint shutdown
cp: cannot stat '../FILES/kpoints-Relaxation-SOC.txt': Cannot send after transport endpoint shutdown
cp: cannot stat '../FILES/kpoints-Relaxation.txt': Cannot send after transport endpoint shutdown
cp: cannot stat '../FILES/kpoints-Static.txt': Cannot send after transport endpoint shutdown
cp: cannot stat '../1-Relaxation/MoS2.STRUCT_NEXT_ITER': No such file or directory
cp: cannot stat '../1-Relaxation/MoS2.DM': No such file or directory
At line 126 of file /home/conda/feedstock_root/build_artifacts/siesta_1733985494728/work/Src/ncps/src/m_ncps_froyen_reader.f
Fortran runtime error: Bad value during integer read

Error termination. Backtrace:
#0  0x146311c9e291 in formatted_transfer_scalar_read
	at ../../../libgfortran/io/transfer.c:1818
#1  0x146311c9ef9f in formatted_transfer
	at ../../../libgfortran/io/transfer.c:2548
#2  0x55946f1c2870 in ???
#3  0x55946f1ba1cd in ???
#4  0x55946f043994 in ???
#5  0x55946ee13ac1 in ???
#6  0x55946ed16442 in ???
#7  0x55946ed090c4 in ???
#8  0x1463113f77e4 in ???
#9  0x55946ed0925d in ???
#10  0xffffffffffffffff in ???
/var/spool/slurmd/job24152993/slurm_script: line 139: cd: LDOS: Cannot send after transport endpoint shutdown
cp: cannot stat '../FILES/*': No such file or directory
cp: cannot stat '../1-Relaxation/MoS2.STRUCT_OUT': No such file or directory
cp: cannot stat '../1-Relaxation/MoS2.STRUCT_NEXT_ITER': No such file or directory
cp: cannot stat '../1-Relaxation/MoS2.CG': No such file or directory
cp: cannot stat '../2-Static/MoS2.DM': No such file or directory
cp: cannot stat 'MoS2.STRUCT_OUT': No such file or directory

CondaError: Run 'conda init' before 'conda activate'

cp: -r not specified; omitting directory '/global/home/users/meshal/SIESTA/materials/MoS2/Monolayer/rectangular/1x10/6//Structure'
cp: -r not specified; omitting directory '/global/home/users/meshal/SIESTA/materials/MoS2/Monolayer/rectangular/1x10/6//relaxedStructure'
slurmstepd: error: *** JOB 24215036 ON n0080.savio3 CANCELLED AT 2025-03-17T08:55:53 DUE TO PREEMPTION ***

CondaError: Run 'conda init' before 'conda activate'

cp: -r not specified; omitting directory '/global/home/users/meshal/SIESTA/materials/MoS2/Monolayer/rectangular/1x10/6//Structure'
cp: -r not specified; omitting directory '/global/home/users/meshal/SIESTA/materials/MoS2/Monolayer/rectangular/1x10/6//relaxedStructure'
slurmstepd: error: *** JOB 24215036 ON n0028.savio3 CANCELLED AT 2025-03-17T14:13:08 DUE TO PREEMPTION ***

CondaError: Run 'conda init' before 'conda activate'

cp: -r not specified; omitting directory '/global/home/users/meshal/SIESTA/materials/MoS2/Monolayer/rectangular/1x10/6//Structure'
cp: -r not specified; omitting directory '/global/home/users/meshal/SIESTA/materials/MoS2/Monolayer/rectangular/1x10/6//relaxedStructure'
slurmstepd: error: *** JOB 24215036 ON n0193.savio3 CANCELLED AT 2025-03-17T14:22:37 DUE TO PREEMPTION ***

CondaError: Run 'conda init' before 'conda activate'

cp: -r not specified; omitting directory '/global/home/users/meshal/SIESTA/materials/MoS2/Monolayer/rectangular/1x10/6//Structure'
cp: -r not specified; omitting directory '/global/home/users/meshal/SIESTA/materials/MoS2/Monolayer/rectangular/1x10/6//relaxedStructure'
slurmstepd: error: *** JOB 24215036 ON n0075.savio3 CANCELLED AT 2025-03-17T16:44:52 DUE TO PREEMPTION ***

CondaError: Run 'conda init' before 'conda activate'

cp: -r not specified; omitting directory '/global/home/users/meshal/SIESTA/materials/MoS2/Monolayer/rectangular/1x10/6//Structure'
cp: -r not specified; omitting directory '/global/home/users/meshal/SIESTA/materials/MoS2/Monolayer/rectangular/1x10/6//relaxedStructure'
slurmstepd: error: *** JOB 24215036 ON n0089.savio3 CANCELLED AT 2025-03-17T16:49:22 DUE TO PREEMPTION ***

CondaError: Run 'conda init' before 'conda activate'

cp: -r not specified; omitting directory '/global/home/users/meshal/SIESTA/materials/MoS2/Monolayer/rectangular/1x10/6//Structure'
cp: -r not specified; omitting directory '/global/home/users/meshal/SIESTA/materials/MoS2/Monolayer/rectangular/1x10/6//relaxedStructure'
slurmstepd: error: *** JOB 24215036 ON n0133.savio3 CANCELLED AT 2025-03-17T17:13:57 DUE TO PREEMPTION ***

CondaError: Run 'conda init' before 'conda activate'

cp: -r not specified; omitting directory '/global/home/users/meshal/SIESTA/materials/MoS2/Monolayer/rectangular/1x10/6//Structure'
cp: -r not specified; omitting directory '/global/home/users/meshal/SIESTA/materials/MoS2/Monolayer/rectangular/1x10/6//relaxedStructure'
slurmstepd: error: *** JOB 24215036 ON n0101.savio3 CANCELLED AT 2025-03-17T17:38:59 DUE TO PREEMPTION ***

CondaError: Run 'conda init' before 'conda activate'

cp: -r not specified; omitting directory '/global/home/users/meshal/SIESTA/materials/MoS2/Monolayer/rectangular/1x10/6//Structure'
cp: -r not specified; omitting directory '/global/home/users/meshal/SIESTA/materials/MoS2/Monolayer/rectangular/1x10/6//relaxedStructure'
slurmstepd: error: *** JOB 24215036 ON n0029.savio3 CANCELLED AT 2025-03-18T16:17:51 DUE TO PREEMPTION ***

CondaError: Run 'conda init' before 'conda activate'

cp: -r not specified; omitting directory '/global/home/users/meshal/SIESTA/materials/MoS2/Monolayer/rectangular/1x10/6//Structure'
cp: -r not specified; omitting directory '/global/home/users/meshal/SIESTA/materials/MoS2/Monolayer/rectangular/1x10/6//relaxedStructure'
slurmstepd: error: *** JOB 24215036 ON n0053.savio3 CANCELLED AT 2025-03-19T00:04:45 DUE TO PREEMPTION ***

CondaError: Run 'conda init' before 'conda activate'

cp: -r not specified; omitting directory '/global/home/users/meshal/SIESTA/materials/MoS2/Monolayer/rectangular/1x10/6//Structure'
cp: -r not specified; omitting directory '/global/home/users/meshal/SIESTA/materials/MoS2/Monolayer/rectangular/1x10/6//relaxedStructure'
slurmstepd: error: *** JOB 24215036 ON n0229.savio3 CANCELLED AT 2025-03-19T09:32:38 DUE TO PREEMPTION ***

CondaError: Run 'conda init' before 'conda activate'

cp: -r not specified; omitting directory '/global/home/users/meshal/SIESTA/materials/MoS2/Monolayer/rectangular/1x10/6//Structure'
cp: -r not specified; omitting directory '/global/home/users/meshal/SIESTA/materials/MoS2/Monolayer/rectangular/1x10/6//relaxedStructure'
slurmstepd: error: *** JOB 24215036 ON n0198.savio3 CANCELLED AT 2025-03-19T10:37:38 DUE TO PREEMPTION ***

CondaError: Run 'conda init' before 'conda activate'

cp: -r not specified; omitting directory '/global/home/users/meshal/SIESTA/materials/MoS2/Monolayer/rectangular/1x10/6//Structure'
cp: -r not specified; omitting directory '/global/home/users/meshal/SIESTA/materials/MoS2/Monolayer/rectangular/1x10/6//relaxedStructure'
slurmstepd: error: *** JOB 24215036 ON n0058.savio3 CANCELLED AT 2025-03-19T15:28:04 DUE TO PREEMPTION ***

CondaError: Run 'conda init' before 'conda activate'

cp: -r not specified; omitting directory '/global/home/users/meshal/SIESTA/materials/MoS2/Monolayer/rectangular/1x10/6//Structure'
cp: -r not specified; omitting directory '/global/home/users/meshal/SIESTA/materials/MoS2/Monolayer/rectangular/1x10/6//relaxedStructure'
slurmstepd: error: *** JOB 24215036 ON n0051.savio3 CANCELLED AT 2025-03-22T17:10:27 DUE TO TIME LIMIT ***

CondaError: Run 'conda init' before 'conda activate'

cp: -r not specified; omitting directory '/global/home/users/meshal/SIESTA/materials/MoS2/Monolayer/rectangular/1x10/6//Structure'
cp: -r not specified; omitting directory '/global/home/users/meshal/SIESTA/materials/MoS2/Monolayer/rectangular/1x10/6//relaxedStructure'
slurmstepd: error: *** JOB 25006677 ON n0196.savio3 CANCELLED AT 2025-04-24T14:46:33 DUE TO PREEMPTION ***

CondaError: Run 'conda init' before 'conda activate'

cp: -r not specified; omitting directory '/global/home/users/meshal/SIESTA/materials/MoS2/Monolayer/rectangular/1x10/6//Structure'
cp: -r not specified; omitting directory '/global/home/users/meshal/SIESTA/materials/MoS2/Monolayer/rectangular/1x10/6//relaxedStructure'
slurmstepd: error: *** JOB 25006677 ON n0117.savio3 CANCELLED AT 2025-04-24T17:44:32 DUE TO PREEMPTION ***

CondaError: Run 'conda init' before 'conda activate'

cp: -r not specified; omitting directory '/global/home/users/meshal/SIESTA/materials/MoS2/Monolayer/rectangular/1x10/6//Structure'
cp: -r not specified; omitting directory '/global/home/users/meshal/SIESTA/materials/MoS2/Monolayer/rectangular/1x10/6//relaxedStructure'
slurmstepd: error: *** JOB 25006677 ON n0105.savio3 CANCELLED AT 2025-04-24T17:56:03 DUE TO PREEMPTION ***

CondaError: Run 'conda init' before 'conda activate'

cp: -r not specified; omitting directory '/global/home/users/meshal/SIESTA/materials/MoS2/Monolayer/rectangular/1x10/6//Structure'
cp: -r not specified; omitting directory '/global/home/users/meshal/SIESTA/materials/MoS2/Monolayer/rectangular/1x10/6//relaxedStructure'
slurmstepd: error: *** JOB 25006677 ON n0223.savio3 CANCELLED AT 2025-04-25T11:27:55 DUE TO PREEMPTION ***

CondaError: Run 'conda init' before 'conda activate'

cp: -r not specified; omitting directory '/global/home/users/meshal/SIESTA/materials/MoS2/Monolayer/rectangular/1x10/6//Structure'
cp: -r not specified; omitting directory '/global/home/users/meshal/SIESTA/materials/MoS2/Monolayer/rectangular/1x10/6//relaxedStructure'
slurmstepd: error: *** JOB 25006677 ON n0072.savio3 CANCELLED AT 2025-04-25T12:32:23 DUE TO PREEMPTION ***

CondaError: Run 'conda init' before 'conda activate'

cp: -r not specified; omitting directory '/global/home/users/meshal/SIESTA/materials/MoS2/Monolayer/rectangular/1x10/6//Structure'
cp: -r not specified; omitting directory '/global/home/users/meshal/SIESTA/materials/MoS2/Monolayer/rectangular/1x10/6//relaxedStructure'
slurmstepd: error: *** JOB 25006677 ON n0077.savio3 CANCELLED AT 2025-04-25T14:45:00 DUE TO PREEMPTION ***

CondaError: Run 'conda init' before 'conda activate'

cp: -r not specified; omitting directory '/global/home/users/meshal/SIESTA/materials/MoS2/Monolayer/rectangular/1x10/6//Structure'
cp: -r not specified; omitting directory '/global/home/users/meshal/SIESTA/materials/MoS2/Monolayer/rectangular/1x10/6//relaxedStructure'
slurmstepd: error: *** JOB 25006677 ON n0016.savio3 CANCELLED AT 2025-04-25T15:15:07 DUE TO PREEMPTION ***

CondaError: Run 'conda init' before 'conda activate'

cp: -r not specified; omitting directory '/global/home/users/meshal/SIESTA/materials/MoS2/Monolayer/rectangular/1x10/6//Structure'
cp: -r not specified; omitting directory '/global/home/users/meshal/SIESTA/materials/MoS2/Monolayer/rectangular/1x10/6//relaxedStructure'
slurmstepd: error: *** JOB 25006677 ON n0048.savio3 CANCELLED AT 2025-04-25T20:02:56 DUE TO PREEMPTION ***

CondaError: Run 'conda init' before 'conda activate'

cp: -r not specified; omitting directory '/global/home/users/meshal/SIESTA/materials/MoS2/Monolayer/rectangular/1x10/6//Structure'
cp: -r not specified; omitting directory '/global/home/users/meshal/SIESTA/materials/MoS2/Monolayer/rectangular/1x10/6//relaxedStructure'
slurmstepd: error: *** JOB 25006677 ON n0084.savio3 CANCELLED AT 2025-04-26T12:33:43 DUE TO PREEMPTION ***

CondaError: Run 'conda init' before 'conda activate'

cp: -r not specified; omitting directory '/global/home/users/meshal/SIESTA/materials/MoS2/Monolayer/rectangular/1x10/6//Structure'
cp: -r not specified; omitting directory '/global/home/users/meshal/SIESTA/materials/MoS2/Monolayer/rectangular/1x10/6//relaxedStructure'
