
CondaError: Run 'conda init' before 'conda activate'

cp: -r not specified; omitting directory '/global/home/users/meshal/SIESTA/materials/MoS2/Monolayer/rectangular/1x10/15//Structure'
cp: -r not specified; omitting directory '/global/home/users/meshal/SIESTA/materials/MoS2/Monolayer/rectangular/1x10/15//relaxedStructure'
slurmstepd: error: *** JOB 24111673 ON n0016.savio4 CANCELLED AT 2025-03-16T18:03:00 ***

CondaError: Run 'conda init' before 'conda activate'

cp: -r not specified; omitting directory '/global/home/users/meshal/SIESTA/materials/MoS2/Monolayer/rectangular/1x10/15//Structure'
cp: -r not specified; omitting directory '/global/home/users/meshal/SIESTA/materials/MoS2/Monolayer/rectangular/1x10/15//relaxedStructure'
slurmstepd: error: *** JOB 24215046 ON n0193.savio3 CANCELLED AT 2025-03-17T08:55:53 DUE TO PREEMPTION ***

CondaError: Run 'conda init' before 'conda activate'

cp: -r not specified; omitting directory '/global/home/users/meshal/SIESTA/materials/MoS2/Monolayer/rectangular/1x10/15//Structure'
cp: -r not specified; omitting directory '/global/home/users/meshal/SIESTA/materials/MoS2/Monolayer/rectangular/1x10/15//relaxedStructure'
slurmstepd: error: *** JOB 24215046 ON n0044.savio3 CANCELLED AT 2025-03-17T14:27:09 DUE TO PREEMPTION ***

CondaError: Run 'conda init' before 'conda activate'

cp: -r not specified; omitting directory '/global/home/users/meshal/SIESTA/materials/MoS2/Monolayer/rectangular/1x10/15//Structure'
cp: -r not specified; omitting directory '/global/home/users/meshal/SIESTA/materials/MoS2/Monolayer/rectangular/1x10/15//relaxedStructure'
slurmstepd: error: *** JOB 24215046 ON n0110.savio3 CANCELLED AT 2025-03-18T21:34:15 DUE TO PREEMPTION ***

CondaError: Run 'conda init' before 'conda activate'

cp: -r not specified; omitting directory '/global/home/users/meshal/SIESTA/materials/MoS2/Monolayer/rectangular/1x10/15//Structure'
cp: -r not specified; omitting directory '/global/home/users/meshal/SIESTA/materials/MoS2/Monolayer/rectangular/1x10/15//relaxedStructure'
slurmstepd: error: *** JOB 24215046 ON n0029.savio3 CANCELLED AT 2025-03-22T02:20:46 DUE TO TIME LIMIT ***

CondaError: Run 'conda init' before 'conda activate'

cp: -r not specified; omitting directory '/global/home/users/meshal/SIESTA/materials/MoS2/Monolayer/rectangular/1x10/15//Structure'
cp: -r not specified; omitting directory '/global/home/users/meshal/SIESTA/materials/MoS2/Monolayer/rectangular/1x10/15//relaxedStructure'
slurmstepd: error: *** JOB 25006686 ON n0014.savio3 CANCELLED AT 2025-04-25T11:35:55 DUE TO PREEMPTION ***

CondaError: Run 'conda init' before 'conda activate'

cp: -r not specified; omitting directory '/global/home/users/meshal/SIESTA/materials/MoS2/Monolayer/rectangular/1x10/15//Structure'
cp: -r not specified; omitting directory '/global/home/users/meshal/SIESTA/materials/MoS2/Monolayer/rectangular/1x10/15//relaxedStructure'
slurmstepd: error: *** JOB 25006686 ON n0014.savio3 CANCELLED AT 2025-04-25T15:25:10 DUE TO PREEMPTION ***

CondaError: Run 'conda init' before 'conda activate'

cp: -r not specified; omitting directory '/global/home/users/meshal/SIESTA/materials/MoS2/Monolayer/rectangular/1x10/15//Structure'
cp: -r not specified; omitting directory '/global/home/users/meshal/SIESTA/materials/MoS2/Monolayer/rectangular/1x10/15//relaxedStructure'
slurmstepd: error: *** JOB 25006686 ON n0053.savio3 CANCELLED AT 2025-04-25T20:15:28 DUE TO PREEMPTION ***

CondaError: Run 'conda init' before 'conda activate'

cp: -r not specified; omitting directory '/global/home/users/meshal/SIESTA/materials/MoS2/Monolayer/rectangular/1x10/15//Structure'
cp: -r not specified; omitting directory '/global/home/users/meshal/SIESTA/materials/MoS2/Monolayer/rectangular/1x10/15//relaxedStructure'
slurmstepd: error: *** JOB 25006686 ON n0051.savio3 CANCELLED AT 2025-04-26T12:44:55 DUE TO PREEMPTION ***

CondaError: Run 'conda init' before 'conda activate'

cp: -r not specified; omitting directory '/global/home/users/meshal/SIESTA/materials/MoS2/Monolayer/rectangular/1x10/15//Structure'
cp: -r not specified; omitting directory '/global/home/users/meshal/SIESTA/materials/MoS2/Monolayer/rectangular/1x10/15//relaxedStructure'
