
CondaError: Run 'conda init' before 'conda activate'

cp: -r not specified; omitting directory '/global/home/users/meshal/SIESTA/materials/MoS2/Monolayer/rectangular/1x10/5//Structure'
cp: -r not specified; omitting directory '/global/home/users/meshal/SIESTA/materials/MoS2/Monolayer/rectangular/1x10/5//relaxedStructure'
cdiag: Failure to converge standard eigenproblem
Stopping Program from Node:    0
--------------------------------------------------------------------------
MPI_ABORT was invoked on rank 0 in communicator MPI_COMM_WORLD
  Proc: [[37569,0],0]
  Errorcode: 1

NOTE: invoking MPI_ABORT causes Open MPI to kill all MPI processes.
You may or may not see output from other processes, depending on
exactly when Open MPI kills them.
--------------------------------------------------------------------------
cp: cannot stat '../1-Relaxation/MoS2.STRUCT_NEXT_ITER': No such file or directory
cdiag: Failure to converge standard eigenproblem
Stopping Program from Node:    0
--------------------------------------------------------------------------
MPI_ABORT was invoked on rank 0 in communicator MPI_COMM_WORLD
  Proc: [[32330,0],0]
  Errorcode: 1

NOTE: invoking MPI_ABORT causes Open MPI to kill all MPI processes.
You may or may not see output from other processes, depending on
exactly when Open MPI kills them.
--------------------------------------------------------------------------
cp: cannot stat '../1-Relaxation/MoS2.STRUCT_NEXT_ITER': No such file or directory
cdiag: Failure to converge standard eigenproblem
Stopping Program from Node:    0
--------------------------------------------------------------------------
MPI_ABORT was invoked on rank 0 in communicator MPI_COMM_WORLD
  Proc: [[10372,0],0]
  Errorcode: 1

NOTE: invoking MPI_ABORT causes Open MPI to kill all MPI processes.
You may or may not see output from other processes, depending on
exactly when Open MPI kills them.
--------------------------------------------------------------------------
cp: cannot stat '../1-Relaxation/MoS2.STRUCT_NEXT_ITER': No such file or directory

CondaError: Run 'conda init' before 'conda activate'

cp: -r not specified; omitting directory '/global/home/users/meshal/SIESTA/materials/MoS2/Monolayer/rectangular/1x10/5//Structure'
cp: -r not specified; omitting directory '/global/home/users/meshal/SIESTA/materials/MoS2/Monolayer/rectangular/1x10/5//relaxedStructure'
slurmstepd: error: *** JOB 24112297 ON n0143.savio2 CANCELLED AT 2025-03-13T06:11:00 DUE TO PREEMPTION ***

CondaError: Run 'conda init' before 'conda activate'

mkdir: cannot create directory ‘/global/scratch’: Input/output error
mkdir: cannot create directory ‘/global/scratch’: Cannot send after transport endpoint shutdown
mkdir: cannot create directory ‘/global/scratch’: Cannot send after transport endpoint shutdown
mkdir: cannot create directory ‘/global/scratch’: Cannot send after transport endpoint shutdown
mkdir: cannot create directory ‘/global/scratch’: Cannot send after transport endpoint shutdown
cp: -r not specified; omitting directory '/global/home/users/meshal/SIESTA/materials/MoS2/Monolayer/rectangular/1x10/5//Structure'
cp: -r not specified; omitting directory '/global/home/users/meshal/SIESTA/materials/MoS2/Monolayer/rectangular/1x10/5//relaxedStructure'
At line 169 of file /home/conda/feedstock_root/build_artifacts/siesta_1733985494728/work/Src/m_iodm.F90 (unit = 13, file = 'MoS2.DM')
Fortran runtime error: Input/output error

Error termination. Backtrace:
#0  0x55f1bbf587e5 in ???
#1  0x55f1bc0a8d22 in ???
#2  0x55f1bbdde3bf in ???
#3  0x55f1bbdd61ab in ???
#4  0x151245c487e4 in ???
#5  0x55f1bbdd625d in ???
#6  0xffffffffffffffff in ???
cp: cannot stat '../FILES/1-Relaxation.fdf': Input/output error
cp: cannot stat '../FILES/2-Static.fdf': Cannot send after transport endpoint shutdown
cp: cannot stat '../FILES/3-Bands.fdf': Cannot send after transport endpoint shutdown
cp: cannot stat '../FILES/LDOS.fdf': Cannot send after transport endpoint shutdown
cp: cannot stat '../FILES/Mo.psf': Cannot send after transport endpoint shutdown
cp: cannot stat '../FILES/MoS2.POSCAR': Cannot send after transport endpoint shutdown
cp: cannot stat '../FILES/MoS2.STRUCT_IN': Cannot send after transport endpoint shutdown
cp: cannot stat '../FILES/MoS2.STRUCT_OUT': Cannot send after transport endpoint shutdown
cp: cannot stat '../FILES/S.psf': Cannot send after transport endpoint shutdown
cp: cannot stat '../FILES/job.err': Cannot send after transport endpoint shutdown
cp: cannot stat '../FILES/job.out': Cannot send after transport endpoint shutdown
cp: cannot stat '../FILES/job.sh': Cannot send after transport endpoint shutdown
cp: cannot stat '../FILES/kpoints-PDOS.txt': Cannot send after transport endpoint shutdown
cp: cannot stat '../FILES/kpoints-Relaxation-SOC.txt': Cannot send after transport endpoint shutdown
cp: cannot stat '../FILES/kpoints-Relaxation.txt': Cannot send after transport endpoint shutdown
cp: cannot stat '../FILES/kpoints-Static.txt': Cannot send after transport endpoint shutdown
cp: cannot stat '../1-Relaxation/MoS2.STRUCT_NEXT_ITER': No such file or directory
cp: error reading '../1-Relaxation/MoS2.DM': Cannot send after transport endpoint shutdown
cp: failed to close './MoS2.DM': Input/output error
cp: failed to close 'MoS2.STRUCT_OUT': Input/output error
At line 507 of file /home/conda/feedstock_root/build_artifacts/siesta_1733985494728/work/Src/m_cite.F90 (unit = 100)
Fortran runtime error: Cannot open file 'MoS2.bib': No such device

Error termination. Backtrace:

Could not print backtrace: linux-vdso.so.1: Cannot send after transport endpoint shutdown
#0  0x14bad157895d in already_open
	at ../../../libgfortran/io/open.c:742
#1  0x564a0d8cb4a5 in ???
#2  0x564a0d7a1bb8 in ???
#3  0x564a0d7950c4 in ???
#4  0x14bad0cd57e4 in ???
#5  0x564a0d79525d in ???
#6  0xffffffffffffffff in ???
find: ‘.’: Cannot send after transport endpoint shutdown
find: ‘.’: Cannot send after transport endpoint shutdown
find: ‘.’: Cannot send after transport endpoint shutdown
cp: cannot stat '../FILES/*': No such file or directory
cp: cannot stat '../1-Relaxation/MoS2.STRUCT_NEXT_ITER': No such file or directory
cp: cannot stat './MoS2.CG': Input/output error
cp: cannot stat '../1-Relaxation/MoS2.DM': Cannot send after transport endpoint shutdown
At line 179 of file /home/conda/feedstock_root/build_artifacts/siesta_1733985494728/work/Src/siesta_init.F (unit = 1, file = '0_NORMAL_EXIT')
Fortran runtime error: File cannot be deleted

Error termination. Backtrace:

Could not print backtrace: linux-vdso.so.1: Cannot send after transport endpoint shutdown
#0  0x561015c5cdba in ???
#1  0x561015c500c4 in ???
#2  0x150d8757f7e4 in ???
#3  0x561015c5025d in ???
#4  0xffffffffffffffff in ???
find: ‘.’: Cannot send after transport endpoint shutdown
cp: cannot stat '../FILES/*': No such file or directory
cp: cannot stat '../1-Relaxation/MoS2.STRUCT_NEXT_ITER': No such file or directory
cp: cannot fstat './MoS2.DM': Input/output error
cp: failed to close '../2-Static/MoS2.DM': Input/output error

CondaError: Run 'conda init' before 'conda activate'

mkdir: cannot create directory ‘/global/scratch’: Input/output error
cp: -r not specified; omitting directory '/global/home/users/meshal/SIESTA/materials/MoS2/Monolayer/rectangular/1x10/5//Structure'
cp: cannot fstat 'FILES/job.err': Input/output error
cp: cannot stat 'FILES/job.out': Cannot send after transport endpoint shutdown
cp: cannot stat 'FILES/job.sh': Cannot send after transport endpoint shutdown
cp: cannot stat 'FILES/kpoints-PDOS.txt': Cannot send after transport endpoint shutdown
cp: cannot stat 'FILES/kpoints-Relaxation-SOC.txt': Cannot send after transport endpoint shutdown
cp: cannot stat 'FILES/kpoints-Relaxation.txt': Cannot send after transport endpoint shutdown
cp: cannot stat 'FILES/kpoints-Static.txt': Cannot send after transport endpoint shutdown
cp: -r not specified; omitting directory '/global/home/users/meshal/SIESTA/materials/MoS2/Monolayer/rectangular/1x10/5//relaxedStructure'
sed: couldn't close FILES/1-Relaxation.fdf: Input/output error
find: cannot delete ‘./S.ion.xml’: Input/output error
find: cannot delete ‘./completed.relaxCompleted’: Cannot send after transport endpoint shutdown
find: cannot delete ‘./job.out’: Cannot send after transport endpoint shutdown
find: cannot delete ‘./CLOCK’: Cannot send after transport endpoint shutdown
find: cannot delete ‘./LDOS.fdf’: Cannot send after transport endpoint shutdown
find: cannot delete ‘./MoS2.bib’: Cannot send after transport endpoint shutdown
find: cannot delete ‘./NON_TRIMMED_KP_LIST’: Cannot send after transport endpoint shutdown
find: cannot delete ‘./MoS2.BONDS’: Cannot send after transport endpoint shutdown
find: cannot delete ‘./MoS2.LDOS.KP’: Cannot send after transport endpoint shutdown
find: cannot delete ‘./Mo.ion.xml’: Cannot send after transport endpoint shutdown
find: cannot delete ‘./MoS2.KP’: Cannot send after transport endpoint shutdown
find: cannot delete ‘./fdf.20250313T185426.155.log’: Cannot send after transport endpoint shutdown
find: cannot delete ‘./MoS2.XV’: Cannot send after transport endpoint shutdown
find: cannot delete ‘./MoS2.ORB_INDX’: Cannot send after transport endpoint shutdown
find: cannot delete ‘./S.ion.nc’: Cannot send after transport endpoint shutdown
find: cannot delete ‘./MoS2.alloc’: Cannot send after transport endpoint shutdown
find: cannot delete ‘./MoS2.POSCAR’: Cannot send after transport endpoint shutdown
find: cannot delete ‘./3-Bands.fdf’: Cannot send after transport endpoint shutdown
find: cannot delete ‘./S.ion’: Cannot send after transport endpoint shutdown
find: cannot delete ‘./kpoints-Relaxation-SOC.txt’: Cannot send after transport endpoint shutdown
find: cannot delete ‘./Mo.ion.nc’: Cannot send after transport endpoint shutdown
find: cannot delete ‘./job.err’: Cannot send after transport endpoint shutdown
find: cannot delete ‘./MESSAGES’: Cannot send after transport endpoint shutdown
find: cannot delete ‘./kpoints-Relaxation.txt’: Cannot send after transport endpoint shutdown
find: cannot delete ‘./Mo.ion’: Cannot send after transport endpoint shutdown
find: cannot delete ‘./PARALLEL_DIST’: Cannot send after transport endpoint shutdown
find: cannot delete ‘./MoS2.xyz’: Cannot send after transport endpoint shutdown
find: cannot delete ‘./kpoints-Static.txt’: Cannot send after transport endpoint shutdown
find: cannot delete ‘./2-Static.fdf’: Cannot send after transport endpoint shutdown
find: cannot delete ‘./siesta.out’: Cannot send after transport endpoint shutdown
cp: cannot stat './LDOS.fdf': Input/output error
cp: failed to close '../FILES/MoS2.STRUCT_IN': Input/output error
cp: cannot fstat './job.out': Input/output error
cp: cannot stat '../FILES/job.sh': Cannot send after transport endpoint shutdown
cp: cannot stat '../FILES/kpoints-PDOS.txt': Cannot send after transport endpoint shutdown
cp: cannot stat '../FILES/kpoints-Relaxation-SOC.txt': Cannot send after transport endpoint shutdown
cp: cannot stat '../FILES/kpoints-Relaxation.txt': Cannot send after transport endpoint shutdown
cp: cannot stat '../FILES/kpoints-Static.txt': Cannot send after transport endpoint shutdown
Block Chemical_species_label does not exist.
Stopping Program from Node:    0
--------------------------------------------------------------------------
MPI_ABORT was invoked on rank 0 in communicator MPI_COMM_WORLD
  Proc: [[24002,0],0]
  Errorcode: 1

NOTE: invoking MPI_ABORT causes Open MPI to kill all MPI processes.
You may or may not see output from other processes, depending on
exactly when Open MPI kills them.
--------------------------------------------------------------------------
cp: cannot stat '../FILES/1-Relaxation.fdf': Input/output error
cp: cannot stat '../FILES/2-Static.fdf': Cannot send after transport endpoint shutdown
cp: cannot stat '../FILES/3-Bands.fdf': Cannot send after transport endpoint shutdown
cp: cannot stat '../FILES/LDOS.fdf': Cannot send after transport endpoint shutdown
cp: cannot stat '../FILES/Mo.psf': Cannot send after transport endpoint shutdown
cp: cannot stat '../FILES/MoS2.POSCAR': Cannot send after transport endpoint shutdown
cp: cannot stat '../FILES/MoS2.STRUCT_IN': Cannot send after transport endpoint shutdown
cp: cannot stat '../FILES/MoS2.STRUCT_OUT': Cannot send after transport endpoint shutdown
cp: cannot stat '../FILES/S.psf': Cannot send after transport endpoint shutdown
cp: cannot stat '../FILES/job.err': Cannot send after transport endpoint shutdown
cp: cannot stat '../FILES/job.out': Cannot send after transport endpoint shutdown
cp: cannot stat '../FILES/job.sh': Cannot send after transport endpoint shutdown
cp: cannot stat '../FILES/kpoints-PDOS.txt': Cannot send after transport endpoint shutdown
cp: cannot stat '../FILES/kpoints-Relaxation-SOC.txt': Cannot send after transport endpoint shutdown
cp: cannot stat '../FILES/kpoints-Relaxation.txt': Cannot send after transport endpoint shutdown
cp: cannot stat '../FILES/kpoints-Static.txt': Cannot send after transport endpoint shutdown
cp: cannot stat '../1-Relaxation/MoS2.STRUCT_NEXT_ITER': No such file or directory
cp: cannot stat '../1-Relaxation/MoS2.DM': No such file or directory
At line 1055 of file /home/conda/feedstock_root/build_artifacts/siesta_1733985494728/work/Src/basis_io.F (unit = 13)
Fortran runtime error: Cannot open file 'Mo.ion.xml': No such device

Error termination. Backtrace:
#0  0x145652f4d95d in already_open
	at ../../../libgfortran/io/open.c:742
#1  0x55e75865d2ae in ???
#2  0x55e758660911 in ???
#3  0x55e75843de96 in ???
#4  0x55e75833f442 in ???
#5  0x55e7583320c4 in ???
#6  0x1456526aa7e4 in ???
#7  0x55e75833225d in ???
#8  0xffffffffffffffff in ???
cp: error writing './LDOS.fdf': Input/output error
cp: cannot stat '../FILES/Mo.psf': Cannot send after transport endpoint shutdown
cp: cannot stat '../FILES/MoS2.POSCAR': Cannot send after transport endpoint shutdown
cp: cannot stat '../FILES/MoS2.STRUCT_IN': Cannot send after transport endpoint shutdown
cp: cannot stat '../FILES/MoS2.STRUCT_OUT': Cannot send after transport endpoint shutdown
cp: cannot stat '../FILES/S.psf': Cannot send after transport endpoint shutdown
cp: cannot stat '../FILES/job.err': Cannot send after transport endpoint shutdown
cp: cannot stat '../FILES/job.out': Cannot send after transport endpoint shutdown
cp: cannot stat '../FILES/job.sh': Cannot send after transport endpoint shutdown
cp: cannot stat '../FILES/kpoints-PDOS.txt': Cannot send after transport endpoint shutdown
cp: cannot stat '../FILES/kpoints-Relaxation-SOC.txt': Cannot send after transport endpoint shutdown
cp: cannot stat '../FILES/kpoints-Relaxation.txt': Cannot send after transport endpoint shutdown
cp: cannot stat '../FILES/kpoints-Static.txt': Cannot send after transport endpoint shutdown
cp: cannot stat '../1-Relaxation/MoS2.STRUCT_NEXT_ITER': No such file or directory
cp: cannot stat '../1-Relaxation/MoS2.DM': No such file or directory
At line 142 of file /home/conda/feedstock_root/build_artifacts/siesta_1733985494728/work/Src/ncps/src/m_ncps_froyen_reader.f (unit = 13, file = 'S.psf')
Fortran runtime error: Bad value during floating point read

Error termination. Backtrace:

Could not print backtrace: linux-vdso.so.1: Cannot send after transport endpoint shutdown
#0  0x1468c25982fa in formatted_transfer_scalar_read
	at ../../../libgfortran/io/transfer.c:1830
#1  0x1468c2598f9f in formatted_transfer
	at ../../../libgfortran/io/transfer.c:2548
#2  0x5597e9b82ace in ???
#3  0x5597e9b7a1cd in ???
#4  0x5597e9a03994 in ???
#5  0x5597e97d3ac1 in ???
#6  0x5597e96d6442 in ???
#7  0x5597e96c90c4 in ???
#8  0x1468c1cf17e4 in ???
#9  0x5597e96c925d in ???
#10  0xffffffffffffffff in ???
cp: cannot stat '../FILES/3-Bands.fdf': Cannot send after transport endpoint shutdown
cp: cannot stat '../FILES/LDOS.fdf': Cannot send after transport endpoint shutdown
cp: cannot stat '../FILES/Mo.psf': Cannot send after transport endpoint shutdown
cp: cannot stat '../FILES/MoS2.POSCAR': Cannot send after transport endpoint shutdown
cp: cannot stat '../FILES/MoS2.STRUCT_IN': Cannot send after transport endpoint shutdown
cp: cannot stat '../FILES/MoS2.STRUCT_OUT': Cannot send after transport endpoint shutdown
cp: cannot stat '../FILES/S.psf': Cannot send after transport endpoint shutdown
cp: cannot stat '../FILES/job.err': Cannot send after transport endpoint shutdown
cp: cannot stat '../FILES/job.out': Cannot send after transport endpoint shutdown
cp: cannot stat '../FILES/job.sh': Cannot send after transport endpoint shutdown
cp: cannot stat '../FILES/kpoints-PDOS.txt': Cannot send after transport endpoint shutdown
cp: cannot stat '../FILES/kpoints-Relaxation-SOC.txt': Cannot send after transport endpoint shutdown
cp: cannot stat '../FILES/kpoints-Relaxation.txt': Cannot send after transport endpoint shutdown
cp: cannot stat '../FILES/kpoints-Static.txt': Cannot send after transport endpoint shutdown
cp: cannot stat '../1-Relaxation/MoS2.STRUCT_NEXT_ITER': No such file or directory
cp: cannot stat './MoS2.CG': Input/output error

CondaError: Run 'conda init' before 'conda activate'

cp: -r not specified; omitting directory '/global/home/users/meshal/SIESTA/materials/MoS2/Monolayer/rectangular/1x10/5//Structure'
cp: -r not specified; omitting directory '/global/home/users/meshal/SIESTA/materials/MoS2/Monolayer/rectangular/1x10/5//relaxedStructure'
slurmstepd: error: *** JOB 24215035 ON n0076.savio3 CANCELLED AT 2025-03-17T08:55:53 DUE TO PREEMPTION ***

CondaError: Run 'conda init' before 'conda activate'

cp: -r not specified; omitting directory '/global/home/users/meshal/SIESTA/materials/MoS2/Monolayer/rectangular/1x10/5//Structure'
cp: -r not specified; omitting directory '/global/home/users/meshal/SIESTA/materials/MoS2/Monolayer/rectangular/1x10/5//relaxedStructure'
slurmstepd: error: *** JOB 24215035 ON n0074.savio3 CANCELLED AT 2025-03-17T12:17:33 DUE TO PREEMPTION ***

CondaError: Run 'conda init' before 'conda activate'

cp: -r not specified; omitting directory '/global/home/users/meshal/SIESTA/materials/MoS2/Monolayer/rectangular/1x10/5//Structure'
cp: -r not specified; omitting directory '/global/home/users/meshal/SIESTA/materials/MoS2/Monolayer/rectangular/1x10/5//relaxedStructure'
slurmstepd: error: *** JOB 24215035 ON n0058.savio3 CANCELLED AT 2025-03-17T14:13:08 DUE TO PREEMPTION ***

CondaError: Run 'conda init' before 'conda activate'

cp: -r not specified; omitting directory '/global/home/users/meshal/SIESTA/materials/MoS2/Monolayer/rectangular/1x10/5//Structure'
cp: -r not specified; omitting directory '/global/home/users/meshal/SIESTA/materials/MoS2/Monolayer/rectangular/1x10/5//relaxedStructure'
slurmstepd: error: *** JOB 24215035 ON n0076.savio3 CANCELLED AT 2025-03-17T14:22:37 DUE TO PREEMPTION ***

CondaError: Run 'conda init' before 'conda activate'

cp: -r not specified; omitting directory '/global/home/users/meshal/SIESTA/materials/MoS2/Monolayer/rectangular/1x10/5//Structure'
cp: -r not specified; omitting directory '/global/home/users/meshal/SIESTA/materials/MoS2/Monolayer/rectangular/1x10/5//relaxedStructure'
slurmstepd: error: *** JOB 24215035 ON n0095.savio3 CANCELLED AT 2025-03-17T16:43:51 DUE TO PREEMPTION ***

CondaError: Run 'conda init' before 'conda activate'

cp: -r not specified; omitting directory '/global/home/users/meshal/SIESTA/materials/MoS2/Monolayer/rectangular/1x10/5//Structure'
cp: -r not specified; omitting directory '/global/home/users/meshal/SIESTA/materials/MoS2/Monolayer/rectangular/1x10/5//relaxedStructure'
slurmstepd: error: *** JOB 24215035 ON n0172.savio3 CANCELLED AT 2025-03-17T17:03:51 DUE TO PREEMPTION ***

CondaError: Run 'conda init' before 'conda activate'

cp: -r not specified; omitting directory '/global/home/users/meshal/SIESTA/materials/MoS2/Monolayer/rectangular/1x10/5//Structure'
cp: -r not specified; omitting directory '/global/home/users/meshal/SIESTA/materials/MoS2/Monolayer/rectangular/1x10/5//relaxedStructure'
slurmstepd: error: *** JOB 24215035 ON n0125.savio3 CANCELLED AT 2025-03-17T17:31:59 DUE TO PREEMPTION ***

CondaError: Run 'conda init' before 'conda activate'

cp: -r not specified; omitting directory '/global/home/users/meshal/SIESTA/materials/MoS2/Monolayer/rectangular/1x10/5//Structure'
cp: -r not specified; omitting directory '/global/home/users/meshal/SIESTA/materials/MoS2/Monolayer/rectangular/1x10/5//relaxedStructure'
slurmstepd: error: *** JOB 24215035 ON n0101.savio3 CANCELLED AT 2025-03-17T17:35:59 DUE TO PREEMPTION ***

CondaError: Run 'conda init' before 'conda activate'

cp: -r not specified; omitting directory '/global/home/users/meshal/SIESTA/materials/MoS2/Monolayer/rectangular/1x10/5//Structure'
cp: -r not specified; omitting directory '/global/home/users/meshal/SIESTA/materials/MoS2/Monolayer/rectangular/1x10/5//relaxedStructure'
slurmstepd: error: *** JOB 24215035 ON n0098.savio3 CANCELLED AT 2025-03-17T17:40:30 DUE TO PREEMPTION ***

CondaError: Run 'conda init' before 'conda activate'

cp: -r not specified; omitting directory '/global/home/users/meshal/SIESTA/materials/MoS2/Monolayer/rectangular/1x10/5//Structure'
cp: -r not specified; omitting directory '/global/home/users/meshal/SIESTA/materials/MoS2/Monolayer/rectangular/1x10/5//relaxedStructure'
slurmstepd: error: *** JOB 24215035 ON n0025.savio3 CANCELLED AT 2025-03-17T18:52:11 DUE TO PREEMPTION ***

CondaError: Run 'conda init' before 'conda activate'

cp: -r not specified; omitting directory '/global/home/users/meshal/SIESTA/materials/MoS2/Monolayer/rectangular/1x10/5//Structure'
cp: -r not specified; omitting directory '/global/home/users/meshal/SIESTA/materials/MoS2/Monolayer/rectangular/1x10/5//relaxedStructure'
slurmstepd: error: *** JOB 24215035 ON n0081.savio3 CANCELLED AT 2025-03-17T19:10:15 DUE TO PREEMPTION ***

CondaError: Run 'conda init' before 'conda activate'

cp: -r not specified; omitting directory '/global/home/users/meshal/SIESTA/materials/MoS2/Monolayer/rectangular/1x10/5//Structure'
cp: -r not specified; omitting directory '/global/home/users/meshal/SIESTA/materials/MoS2/Monolayer/rectangular/1x10/5//relaxedStructure'
slurmstepd: error: *** JOB 24215035 ON n0107.savio3 CANCELLED AT 2025-03-17T22:51:53 DUE TO PREEMPTION ***

CondaError: Run 'conda init' before 'conda activate'

cp: -r not specified; omitting directory '/global/home/users/meshal/SIESTA/materials/MoS2/Monolayer/rectangular/1x10/5//Structure'
cp: -r not specified; omitting directory '/global/home/users/meshal/SIESTA/materials/MoS2/Monolayer/rectangular/1x10/5//relaxedStructure'
slurmstepd: error: *** JOB 24215035 ON n0050.savio3 CANCELLED AT 2025-03-18T14:18:59 DUE TO PREEMPTION ***

CondaError: Run 'conda init' before 'conda activate'

cp: -r not specified; omitting directory '/global/home/users/meshal/SIESTA/materials/MoS2/Monolayer/rectangular/1x10/5//Structure'
cp: -r not specified; omitting directory '/global/home/users/meshal/SIESTA/materials/MoS2/Monolayer/rectangular/1x10/5//relaxedStructure'
slurmstepd: error: *** JOB 24215035 ON n0043.savio3 CANCELLED AT 2025-03-18T21:28:15 DUE TO PREEMPTION ***

CondaError: Run 'conda init' before 'conda activate'

cp: -r not specified; omitting directory '/global/home/users/meshal/SIESTA/materials/MoS2/Monolayer/rectangular/1x10/5//Structure'
cp: -r not specified; omitting directory '/global/home/users/meshal/SIESTA/materials/MoS2/Monolayer/rectangular/1x10/5//relaxedStructure'
slurmstepd: error: *** JOB 24215035 ON n0047.savio3 CANCELLED AT 2025-03-19T15:05:31 DUE TO PREEMPTION ***

CondaError: Run 'conda init' before 'conda activate'

cp: -r not specified; omitting directory '/global/home/users/meshal/SIESTA/materials/MoS2/Monolayer/rectangular/1x10/5//Structure'
cp: -r not specified; omitting directory '/global/home/users/meshal/SIESTA/materials/MoS2/Monolayer/rectangular/1x10/5//relaxedStructure'
slurmstepd: error: *** JOB 24215035 ON n0081.savio3 CANCELLED AT 2025-03-19T16:27:37 DUE TO PREEMPTION ***

CondaError: Run 'conda init' before 'conda activate'

cp: -r not specified; omitting directory '/global/home/users/meshal/SIESTA/materials/MoS2/Monolayer/rectangular/1x10/5//Structure'
cp: -r not specified; omitting directory '/global/home/users/meshal/SIESTA/materials/MoS2/Monolayer/rectangular/1x10/5//relaxedStructure'
slurmstepd: error: *** JOB 24215035 ON n0047.savio3 CANCELLED AT 2025-03-22T18:51:28 DUE TO TIME LIMIT ***

CondaError: Run 'conda init' before 'conda activate'

cp: -r not specified; omitting directory '/global/home/users/meshal/SIESTA/materials/MoS2/Monolayer/rectangular/1x10/5//Structure'
cp: -r not specified; omitting directory '/global/home/users/meshal/SIESTA/materials/MoS2/Monolayer/rectangular/1x10/5//relaxedStructure'
slurmstepd: error: *** JOB 25006676 ON n0097.savio3 CANCELLED AT 2025-04-24T17:54:03 DUE TO PREEMPTION ***

CondaError: Run 'conda init' before 'conda activate'

cp: -r not specified; omitting directory '/global/home/users/meshal/SIESTA/materials/MoS2/Monolayer/rectangular/1x10/5//Structure'
cp: -r not specified; omitting directory '/global/home/users/meshal/SIESTA/materials/MoS2/Monolayer/rectangular/1x10/5//relaxedStructure'
slurmstepd: error: *** JOB 25006676 ON n0100.savio3 CANCELLED AT 2025-04-24T18:58:31 DUE TO PREEMPTION ***

CondaError: Run 'conda init' before 'conda activate'

cp: -r not specified; omitting directory '/global/home/users/meshal/SIESTA/materials/MoS2/Monolayer/rectangular/1x10/5//Structure'
cp: -r not specified; omitting directory '/global/home/users/meshal/SIESTA/materials/MoS2/Monolayer/rectangular/1x10/5//relaxedStructure'
slurmstepd: error: *** JOB 25006676 ON n0026.savio3 CANCELLED AT 2025-04-25T10:31:15 DUE TO PREEMPTION ***

CondaError: Run 'conda init' before 'conda activate'

cp: -r not specified; omitting directory '/global/home/users/meshal/SIESTA/materials/MoS2/Monolayer/rectangular/1x10/5//Structure'
cp: -r not specified; omitting directory '/global/home/users/meshal/SIESTA/materials/MoS2/Monolayer/rectangular/1x10/5//relaxedStructure'
slurmstepd: error: *** JOB 25006676 ON n0119.savio3 CANCELLED AT 2025-04-25T11:28:55 DUE TO PREEMPTION ***

CondaError: Run 'conda init' before 'conda activate'

cp: -r not specified; omitting directory '/global/home/users/meshal/SIESTA/materials/MoS2/Monolayer/rectangular/1x10/5//Structure'
cp: -r not specified; omitting directory '/global/home/users/meshal/SIESTA/materials/MoS2/Monolayer/rectangular/1x10/5//relaxedStructure'
slurmstepd: error: *** JOB 25006676 ON n0235.savio3 CANCELLED AT 2025-04-25T12:15:30 DUE TO PREEMPTION ***

CondaError: Run 'conda init' before 'conda activate'

cp: -r not specified; omitting directory '/global/home/users/meshal/SIESTA/materials/MoS2/Monolayer/rectangular/1x10/5//Structure'
cp: -r not specified; omitting directory '/global/home/users/meshal/SIESTA/materials/MoS2/Monolayer/rectangular/1x10/5//relaxedStructure'
slurmstepd: error: *** JOB 25006676 ON n0049.savio3 CANCELLED AT 2025-04-25T14:43:59 DUE TO PREEMPTION ***

CondaError: Run 'conda init' before 'conda activate'

cp: -r not specified; omitting directory '/global/home/users/meshal/SIESTA/materials/MoS2/Monolayer/rectangular/1x10/5//Structure'
cp: -r not specified; omitting directory '/global/home/users/meshal/SIESTA/materials/MoS2/Monolayer/rectangular/1x10/5//relaxedStructure'
slurmstepd: error: *** JOB 25006676 ON n0061.savio3 CANCELLED AT 2025-04-25T15:13:36 DUE TO PREEMPTION ***

CondaError: Run 'conda init' before 'conda activate'

cp: -r not specified; omitting directory '/global/home/users/meshal/SIESTA/materials/MoS2/Monolayer/rectangular/1x10/5//Structure'
cp: -r not specified; omitting directory '/global/home/users/meshal/SIESTA/materials/MoS2/Monolayer/rectangular/1x10/5//relaxedStructure'
slurmstepd: error: *** JOB 25006676 ON n0084.savio3 CANCELLED AT 2025-04-25T20:01:55 DUE TO PREEMPTION ***

CondaError: Run 'conda init' before 'conda activate'

cp: -r not specified; omitting directory '/global/home/users/meshal/SIESTA/materials/MoS2/Monolayer/rectangular/1x10/5//Structure'
cp: -r not specified; omitting directory '/global/home/users/meshal/SIESTA/materials/MoS2/Monolayer/rectangular/1x10/5//relaxedStructure'
slurmstepd: error: *** JOB 25006676 ON n0086.savio3 CANCELLED AT 2025-04-26T12:32:12 DUE TO PREEMPTION ***

CondaError: Run 'conda init' before 'conda activate'

cp: -r not specified; omitting directory '/global/home/users/meshal/SIESTA/materials/MoS2/Monolayer/rectangular/1x10/5//Structure'
cp: -r not specified; omitting directory '/global/home/users/meshal/SIESTA/materials/MoS2/Monolayer/rectangular/1x10/5//relaxedStructure'
slurmstepd: error: *** JOB 25006676 ON n0051.savio3 CANCELLED AT 2025-04-26T19:04:47 DUE TO PREEMPTION ***

CondaError: Run 'conda init' before 'conda activate'

cp: -r not specified; omitting directory '/global/home/users/meshal/SIESTA/materials/MoS2/Monolayer/rectangular/1x10/5//Structure'
cp: -r not specified; omitting directory '/global/home/users/meshal/SIESTA/materials/MoS2/Monolayer/rectangular/1x10/5//relaxedStructure'
