
CondaError: Run 'conda init' before 'conda activate'

cp: -r not specified; omitting directory '/global/home/users/meshal/SIESTA/materials/MoS2/Monolayer/rectangular/1x10/13//Structure'
cp: -r not specified; omitting directory '/global/home/users/meshal/SIESTA/materials/MoS2/Monolayer/rectangular/1x10/13//relaxedStructure'
At line 408 of file /home/conda/feedstock_root/build_artifacts/siesta_1733985494728/work/Src/io_sparse.F90 (unit = 13, file = 'MoS2.DM')
Fortran runtime error: End of file

Error termination. Backtrace:
#0  0x14e8571a86ea in us_read
	at ../../../libgfortran/io/transfer.c:2894
#1  0x14e8571a87bc in pre_position
	at ../../../libgfortran/io/transfer.c:3020
#2  0x14e8571aa989 in data_transfer_init
	at ../../../libgfortran/io/transfer.c:3471
#3  0x564d7778b38f in ???
#4  0x564d77566b9b in ???
#5  0x564d77588fcb in ???
#6  0x564d7758ad19 in ???
#7  0x564d7758c7ec in ???
#8  0x564d773fab74 in ???
#9  0x564d773ed54e in ???
#10  0x564d773e41ab in ???
#11  0x14e8569027e4 in ???
#12  0x564d773e425d in ???
#13  0xffffffffffffffff in ???
cp: cannot stat '../1-Relaxation/MoS2.STRUCT_NEXT_ITER': No such file or directory
At line 408 of file /home/conda/feedstock_root/build_artifacts/siesta_1733985494728/work/Src/io_sparse.F90 (unit = 13, file = 'MoS2.DM')
Fortran runtime error: End of file

Error termination. Backtrace:
#0  0x15246a70b6ea in us_read
	at ../../../libgfortran/io/transfer.c:2894
#1  0x15246a70b7bc in pre_position
	at ../../../libgfortran/io/transfer.c:3020
#2  0x15246a70d989 in data_transfer_init
	at ../../../libgfortran/io/transfer.c:3471
#3  0x56028af2938f in ???
#4  0x56028ad04b9b in ???
#5  0x56028ad26fcb in ???
#6  0x56028ad28d19 in ???
#7  0x56028ad2a7ec in ???
#8  0x56028ab98b74 in ???
#9  0x56028ab8b54e in ???
#10  0x56028ab821ab in ???
#11  0x152469e657e4 in ???
#12  0x56028ab8225d in ???
#13  0xffffffffffffffff in ???
cp: cannot stat '../1-Relaxation/MoS2.STRUCT_NEXT_ITER': No such file or directory
At line 408 of file /home/conda/feedstock_root/build_artifacts/siesta_1733985494728/work/Src/io_sparse.F90 (unit = 13, file = 'MoS2.DM')
Fortran runtime error: End of file

Error termination. Backtrace:
#0  0x153813be66ea in us_read
	at ../../../libgfortran/io/transfer.c:2894
#1  0x153813be67bc in pre_position
	at ../../../libgfortran/io/transfer.c:3020
#2  0x153813be8989 in data_transfer_init
	at ../../../libgfortran/io/transfer.c:3471
#3  0x562308f6f38f in ???
#4  0x562308d4ab9b in ???
#5  0x562308d6cfcb in ???
#6  0x562308d6ed19 in ???
#7  0x562308d707ec in ???
#8  0x562308bdeb74 in ???
#9  0x562308bd154e in ???
#10  0x562308bc81ab in ???
#11  0x1538133407e4 in ???
#12  0x562308bc825d in ???
#13  0xffffffffffffffff in ???
cp: cannot stat '../1-Relaxation/MoS2.STRUCT_NEXT_ITER': No such file or directory

CondaError: Run 'conda init' before 'conda activate'

cp: -r not specified; omitting directory '/global/home/users/meshal/SIESTA/materials/MoS2/Monolayer/rectangular/1x10/13//Structure'
cp: -r not specified; omitting directory '/global/home/users/meshal/SIESTA/materials/MoS2/Monolayer/rectangular/1x10/13//relaxedStructure'
slurmstepd: error: *** JOB 24152995 ON n0082.savio3 CANCELLED AT 2025-03-16T18:03:00 ***

CondaError: Run 'conda init' before 'conda activate'

cp: -r not specified; omitting directory '/global/home/users/meshal/SIESTA/materials/MoS2/Monolayer/rectangular/1x10/13//Structure'
cp: -r not specified; omitting directory '/global/home/users/meshal/SIESTA/materials/MoS2/Monolayer/rectangular/1x10/13//relaxedStructure'
slurmstepd: error: *** JOB 24215044 ON n0083.savio3 CANCELLED AT 2025-03-17T14:24:08 DUE TO PREEMPTION ***

CondaError: Run 'conda init' before 'conda activate'

cp: -r not specified; omitting directory '/global/home/users/meshal/SIESTA/materials/MoS2/Monolayer/rectangular/1x10/13//Structure'
cp: -r not specified; omitting directory '/global/home/users/meshal/SIESTA/materials/MoS2/Monolayer/rectangular/1x10/13//relaxedStructure'
slurmstepd: error: *** JOB 24215044 ON n0086.savio3 CANCELLED AT 2025-03-18T21:31:15 DUE TO PREEMPTION ***

CondaError: Run 'conda init' before 'conda activate'

cp: -r not specified; omitting directory '/global/home/users/meshal/SIESTA/materials/MoS2/Monolayer/rectangular/1x10/13//Structure'
cp: -r not specified; omitting directory '/global/home/users/meshal/SIESTA/materials/MoS2/Monolayer/rectangular/1x10/13//relaxedStructure'
slurmstepd: error: *** JOB 24215044 ON n0066.savio3 CANCELLED AT 2025-03-21T22:45:33 DUE TO TIME LIMIT ***

CondaError: Run 'conda init' before 'conda activate'

cp: -r not specified; omitting directory '/global/home/users/meshal/SIESTA/materials/MoS2/Monolayer/rectangular/1x10/13//Structure'
cp: -r not specified; omitting directory '/global/home/users/meshal/SIESTA/materials/MoS2/Monolayer/rectangular/1x10/13//relaxedStructure'
slurmstepd: error: *** JOB 25006684 ON n0074.savio3 CANCELLED AT 2025-04-25T11:34:18 DUE TO PREEMPTION ***

CondaError: Run 'conda init' before 'conda activate'

cp: -r not specified; omitting directory '/global/home/users/meshal/SIESTA/materials/MoS2/Monolayer/rectangular/1x10/13//Structure'
cp: -r not specified; omitting directory '/global/home/users/meshal/SIESTA/materials/MoS2/Monolayer/rectangular/1x10/13//relaxedStructure'
slurmstepd: error: *** JOB 25006684 ON n0061.savio3 CANCELLED AT 2025-04-25T14:54:02 DUE TO PREEMPTION ***

CondaError: Run 'conda init' before 'conda activate'

cp: -r not specified; omitting directory '/global/home/users/meshal/SIESTA/materials/MoS2/Monolayer/rectangular/1x10/13//Structure'
cp: -r not specified; omitting directory '/global/home/users/meshal/SIESTA/materials/MoS2/Monolayer/rectangular/1x10/13//relaxedStructure'
slurmstepd: error: *** JOB 25006684 ON n0017.savio3 CANCELLED AT 2025-04-25T15:22:21 DUE TO PREEMPTION ***

CondaError: Run 'conda init' before 'conda activate'

cp: -r not specified; omitting directory '/global/home/users/meshal/SIESTA/materials/MoS2/Monolayer/rectangular/1x10/13//Structure'
cp: -r not specified; omitting directory '/global/home/users/meshal/SIESTA/materials/MoS2/Monolayer/rectangular/1x10/13//relaxedStructure'
slurmstepd: error: *** JOB 25006684 ON n0016.savio3 CANCELLED AT 2025-04-25T20:11:56 DUE TO PREEMPTION ***

CondaError: Run 'conda init' before 'conda activate'

cp: -r not specified; omitting directory '/global/home/users/meshal/SIESTA/materials/MoS2/Monolayer/rectangular/1x10/13//Structure'
cp: -r not specified; omitting directory '/global/home/users/meshal/SIESTA/materials/MoS2/Monolayer/rectangular/1x10/13//relaxedStructure'
slurmstepd: error: *** JOB 25006684 ON n0107.savio3 CANCELLED AT 2025-04-26T12:41:48 DUE TO PREEMPTION ***

CondaError: Run 'conda init' before 'conda activate'

cp: -r not specified; omitting directory '/global/home/users/meshal/SIESTA/materials/MoS2/Monolayer/rectangular/1x10/13//Structure'
cp: -r not specified; omitting directory '/global/home/users/meshal/SIESTA/materials/MoS2/Monolayer/rectangular/1x10/13//relaxedStructure'
