
CondaError: Run 'conda init' before 'conda activate'

cp: -r not specified; omitting directory '/global/home/users/meshal/SIESTA/materials/MoS2/Monolayer/rectangular/1x10/12//Structure'
cp: -r not specified; omitting directory '/global/home/users/meshal/SIESTA/materials/MoS2/Monolayer/rectangular/1x10/12//relaxedStructure'
slurmstepd: error: *** JOB 24215043 ON n0099.savio3 CANCELLED AT 2025-03-17T14:24:08 DUE TO PREEMPTION ***

CondaError: Run 'conda init' before 'conda activate'

mkdir: cannot create directory ‘/global/scratch’: Input/output error
mkdir: cannot create directory ‘/global/scratch’: Cannot send after transport endpoint shutdown
mkdir: cannot create directory ‘/global/scratch’: Cannot send after transport endpoint shutdown
mkdir: cannot create directory ‘/global/scratch’: Cannot send after transport endpoint shutdown
mkdir: cannot create directory ‘/global/scratch’: Cannot send after transport endpoint shutdown
cp: cannot create regular file 'FILES/1-Relaxation.fdf': Input/output error
cp: cannot stat 'FILES/2-Static.fdf': Cannot send after transport endpoint shutdown
cp: cannot stat 'FILES/3-Bands.fdf': Cannot send after transport endpoint shutdown
cp: cannot stat 'FILES/LDOS.fdf': Cannot send after transport endpoint shutdown
cp: cannot stat 'FILES/Mo.psf': Cannot send after transport endpoint shutdown
cp: cannot stat 'FILES/MoS2.STRUCT_IN': Cannot send after transport endpoint shutdown
cp: cannot stat 'FILES/S.psf': Cannot send after transport endpoint shutdown
cp: -r not specified; omitting directory '/global/home/users/meshal/SIESTA/materials/MoS2/Monolayer/rectangular/1x10/12//Structure'
cp: cannot create regular file 'FILES/job.out': Cannot send after transport endpoint shutdown
cp: cannot stat 'FILES/job.sh': Cannot send after transport endpoint shutdown
cp: cannot stat 'FILES/kpoints-PDOS.txt': Cannot send after transport endpoint shutdown
cp: cannot stat 'FILES/kpoints-Relaxation-SOC.txt': Cannot send after transport endpoint shutdown
cp: cannot stat 'FILES/kpoints-Relaxation.txt': Cannot send after transport endpoint shutdown
cp: cannot stat 'FILES/kpoints-Static.txt': Cannot send after transport endpoint shutdown
cp: -r not specified; omitting directory '/global/home/users/meshal/SIESTA/materials/MoS2/Monolayer/rectangular/1x10/12//relaxedStructure'
sed: read error on FILES/1-Relaxation.fdf: Cannot send after transport endpoint shutdown
find: ‘.’: Cannot send after transport endpoint shutdown
find: ‘.’: Cannot send after transport endpoint shutdown
find: ‘.’: Cannot send after transport endpoint shutdown
find: ‘.’: Cannot send after transport endpoint shutdown
cp: error reading '../FILES/1-Relaxation.fdf': Cannot send after transport endpoint shutdown
cp: cannot stat '../FILES/2-Static.fdf': Cannot send after transport endpoint shutdown
cp: cannot stat '../FILES/3-Bands.fdf': Cannot send after transport endpoint shutdown
cp: cannot stat '../FILES/LDOS.fdf': Cannot send after transport endpoint shutdown
cp: cannot stat '../FILES/Mo.psf': Cannot send after transport endpoint shutdown
cp: cannot stat '../FILES/MoS2.POSCAR': Cannot send after transport endpoint shutdown
cp: cannot stat '../FILES/MoS2.STRUCT_IN': Cannot send after transport endpoint shutdown
cp: cannot stat '../FILES/MoS2.STRUCT_OUT': Cannot send after transport endpoint shutdown
cp: cannot stat '../FILES/S.psf': Cannot send after transport endpoint shutdown
cp: cannot stat '../FILES/job.err': Cannot send after transport endpoint shutdown
cp: cannot stat '../FILES/job.out': Cannot send after transport endpoint shutdown
cp: cannot stat '../FILES/job.sh': Cannot send after transport endpoint shutdown
cp: cannot stat '../FILES/kpoints-PDOS.txt': Cannot send after transport endpoint shutdown
cp: cannot stat '../FILES/kpoints-Relaxation-SOC.txt': Cannot send after transport endpoint shutdown
cp: cannot stat '../FILES/kpoints-Relaxation.txt': Cannot send after transport endpoint shutdown
cp: cannot stat '../FILES/kpoints-Static.txt': Cannot send after transport endpoint shutdown
cp: failed to access 'MoS2.STRUCT_IN': Cannot send after transport endpoint shutdown
At line 182 of file /home/conda/feedstock_root/build_artifacts/siesta_1733985494728/work/Src/siesta_init.F (unit = 1)
Fortran runtime error: Cannot open file 'MESSAGES': Input/output error

Error termination. Backtrace:
#0  0x14792ccb895d in already_open
	at ../../../libgfortran/io/open.c:742
#1  0x557564f8de5a in ???
#2  0x557564f810c4 in ???
#3  0x14792c4157e4 in ???
#4  0x557564f8125d in ???
#5  0xffffffffffffffff in ???
/var/spool/slurmd/job24215043/slurm_script: line 89: echo: write error: Input/output error
/var/spool/slurmd/job24215043/slurm_script: line 98: cd: 2-Static: Cannot send after transport endpoint shutdown
find: ‘./FILES’: Cannot send after transport endpoint shutdown
find: ‘./3-Bands’: Cannot send after transport endpoint shutdown
find: ‘./LDOS’: Cannot send after transport endpoint shutdown
find: ‘./1-Relaxation’: Cannot send after transport endpoint shutdown
find: ‘./2-Static’: Cannot send after transport endpoint shutdown
find: ‘./FILES’: Cannot send after transport endpoint shutdown
find: ‘./3-Bands’: Cannot send after transport endpoint shutdown
find: ‘./LDOS’: Cannot send after transport endpoint shutdown
find: ‘./1-Relaxation’: Cannot send after transport endpoint shutdown
find: ‘./2-Static’: Input/output error
find: ‘./FILES’: Cannot send after transport endpoint shutdown
find: ‘./3-Bands’: Cannot send after transport endpoint shutdown
find: ‘./LDOS’: Cannot send after transport endpoint shutdown
find: ‘./1-Relaxation’: Cannot send after transport endpoint shutdown
cp: cannot stat '../FILES/*': No such file or directory
cp: cannot stat '../1-Relaxation/MoS2.STRUCT_OUT': No such file or directory
cp: cannot stat '../1-Relaxation/MoS2.STRUCT_NEXT_ITER': No such file or directory
cp: cannot stat '../1-Relaxation/MoS2.CG': No such file or directory
cp: cannot stat '../1-Relaxation/MoS2.DM': No such file or directory
cp: cannot stat 'MoS2.STRUCT_OUT': No such file or directory
Cannot find requested input file "2-Static.fdf".
Stopping Program from Node:    0
--------------------------------------------------------------------------
MPI_ABORT was invoked on rank 0 in communicator MPI_COMM_WORLD
  Proc: [[42861,0],0]
  Errorcode: 1

NOTE: invoking MPI_ABORT causes Open MPI to kill all MPI processes.
You may or may not see output from other processes, depending on
exactly when Open MPI kills them.
--------------------------------------------------------------------------
/var/spool/slurmd/job24215043/slurm_script: line 118: cd: 3-Bands: Cannot send after transport endpoint shutdown
find: ‘./1/2-Static’: Cannot send after transport endpoint shutdown
find: ‘./1/FILES’: Cannot send after transport endpoint shutdown
find: ‘./1/3-Bands’: Cannot send after transport endpoint shutdown
find: ‘./1/LDOS’: Cannot send after transport endpoint shutdown
find: ‘./1/1-Relaxation’: Cannot send after transport endpoint shutdown
find: ‘./16’: Cannot send after transport endpoint shutdown
find: ‘./14’: Cannot send after transport endpoint shutdown
find: ‘./3’: Cannot send after transport endpoint shutdown
find: ‘./12’: Cannot send after transport endpoint shutdown
find: ‘./18’: Cannot send after transport endpoint shutdown
find: ‘./2’: Cannot send after transport endpoint shutdown
find: ‘./13’: Cannot send after transport endpoint shutdown
find: ‘./20’: Cannot send after transport endpoint shutdown
find: ‘./10’: Cannot send after transport endpoint shutdown
find: ‘./5’: Cannot send after transport endpoint shutdown
find: ‘./6’: Cannot send after transport endpoint shutdown
find: ‘./19’: Cannot send after transport endpoint shutdown
find: ‘./8’: Cannot send after transport endpoint shutdown
find: ‘./4’: Cannot send after transport endpoint shutdown
find: ‘./17’: Cannot send after transport endpoint shutdown
find: ‘./11’: Cannot send after transport endpoint shutdown
find: ‘./9’: Cannot send after transport endpoint shutdown
find: ‘./0’: Cannot send after transport endpoint shutdown
find: ‘./15’: Cannot send after transport endpoint shutdown
find: ‘./7’: Cannot send after transport endpoint shutdown
find: ‘./1’: Input/output error
find: ‘./16’: Cannot send after transport endpoint shutdown
find: ‘./14’: Cannot send after transport endpoint shutdown
find: ‘./3’: Cannot send after transport endpoint shutdown
find: ‘./12’: Cannot send after transport endpoint shutdown
find: ‘./18’: Cannot send after transport endpoint shutdown
find: ‘./2’: Cannot send after transport endpoint shutdown
find: ‘./13’: Cannot send after transport endpoint shutdown
find: ‘./20’: Cannot send after transport endpoint shutdown
find: ‘./10’: Cannot send after transport endpoint shutdown
find: ‘./5’: Cannot send after transport endpoint shutdown
find: ‘./6’: Cannot send after transport endpoint shutdown
find: ‘./19’: Cannot send after transport endpoint shutdown
find: ‘./8’: Cannot send after transport endpoint shutdown
find: ‘./4’: Cannot send after transport endpoint shutdown
find: ‘./17’: Cannot send after transport endpoint shutdown
find: ‘./11’: Cannot send after transport endpoint shutdown
find: ‘./9’: Cannot send after transport endpoint shutdown
find: ‘./0’: Cannot send after transport endpoint shutdown
find: ‘./15’: Cannot send after transport endpoint shutdown
find: ‘./7’: Cannot send after transport endpoint shutdown
find: ‘./1’: Input/output error
find: ‘./16’: Cannot send after transport endpoint shutdown
find: ‘./14’: Cannot send after transport endpoint shutdown
find: ‘./3’: Cannot send after transport endpoint shutdown
find: ‘./12’: Cannot send after transport endpoint shutdown
find: ‘./18’: Cannot send after transport endpoint shutdown
find: ‘./2’: Cannot send after transport endpoint shutdown
find: ‘./13’: Cannot send after transport endpoint shutdown
find: ‘./20’: Cannot send after transport endpoint shutdown
find: ‘./10’: Cannot send after transport endpoint shutdown
find: ‘./5’: Cannot send after transport endpoint shutdown
find: ‘./6’: Cannot send after transport endpoint shutdown
find: ‘./19’: Cannot send after transport endpoint shutdown
find: ‘./8’: Cannot send after transport endpoint shutdown
find: ‘./4’: Cannot send after transport endpoint shutdown
find: ‘./17’: Cannot send after transport endpoint shutdown
find: ‘./11’: Cannot send after transport endpoint shutdown
find: ‘./9’: Cannot send after transport endpoint shutdown
find: ‘./0’: Cannot send after transport endpoint shutdown
find: ‘./15’: Cannot send after transport endpoint shutdown
find: ‘./7’: Cannot send after transport endpoint shutdown
cp: cannot stat '../FILES/*': No such file or directory
cp: cannot stat '../1-Relaxation/MoS2.STRUCT_OUT': No such file or directory
cp: cannot stat '../1-Relaxation/MoS2.STRUCT_NEXT_ITER': No such file or directory
cp: cannot stat '../1-Relaxation/MoS2.CG': Input/output error
cp: cannot stat '../1-Relaxation/MoS2.DM': Cannot send after transport endpoint shutdown
cp: cannot stat 'MoS2.STRUCT_OUT': No such file or directory
Cannot find requested input file "3-Bands.fdf".
Stopping Program from Node:    0
--------------------------------------------------------------------------
MPI_ABORT was invoked on rank 0 in communicator MPI_COMM_WORLD
  Proc: [[45528,0],0]
  Errorcode: 1

NOTE: invoking MPI_ABORT causes Open MPI to kill all MPI processes.
You may or may not see output from other processes, depending on
exactly when Open MPI kills them.
--------------------------------------------------------------------------
/var/spool/slurmd/job24215043/slurm_script: line 132: completed.bandsCompleted: No such device
/var/spool/slurmd/job24215043/slurm_script: line 139: cd: LDOS: Cannot send after transport endpoint shutdown
find: ‘./1x1’: Input/output error
find: ‘./1x10’: Cannot send after transport endpoint shutdown
find: ‘./1x1’: Input/output error
find: ‘./1x10’: Cannot send after transport endpoint shutdown
find: ‘./1x1/0/Postprocessing’: Input/output error
find: ‘./1x1/0/2-Static’: Cannot send after transport endpoint shutdown
find: ‘./1x1/0/Results’: Cannot send after transport endpoint shutdown
find: ‘./1x1/0/FILES’: Cannot send after transport endpoint shutdown
find: ‘./1x1/0/3-Bands’: Cannot send after transport endpoint shutdown
find: ‘./1x1/0/LDOS’: Cannot send after transport endpoint shutdown
find: ‘./1x1/0/1-Relaxation’: Cannot send after transport endpoint shutdown
find: ‘./1x10’: Cannot send after transport endpoint shutdown
cp: cannot stat '../FILES/*': No such file or directory
cp: cannot stat '../1-Relaxation/MoS2.STRUCT_OUT': No such file or directory
cp: cannot stat '../1-Relaxation/MoS2.STRUCT_NEXT_ITER': No such file or directory
cp: cannot stat '../1-Relaxation/MoS2.CG': No such file or directory
cp: cannot stat '../2-Static/MoS2.DM': No such file or directory
cp: cannot stat 'MoS2.STRUCT_OUT': No such file or directory

CondaError: Run 'conda init' before 'conda activate'

cp: -r not specified; omitting directory '/global/home/users/meshal/SIESTA/materials/MoS2/Monolayer/rectangular/1x10/12//Structure'
cp: -r not specified; omitting directory '/global/home/users/meshal/SIESTA/materials/MoS2/Monolayer/rectangular/1x10/12//relaxedStructure'
slurmstepd: error: *** JOB 25006683 ON n0043.savio3 CANCELLED AT 2025-04-25T11:32:56 DUE TO PREEMPTION ***

CondaError: Run 'conda init' before 'conda activate'

cp: -r not specified; omitting directory '/global/home/users/meshal/SIESTA/materials/MoS2/Monolayer/rectangular/1x10/12//Structure'
cp: -r not specified; omitting directory '/global/home/users/meshal/SIESTA/materials/MoS2/Monolayer/rectangular/1x10/12//relaxedStructure'
slurmstepd: error: *** JOB 25006683 ON n0084.savio3 CANCELLED AT 2025-04-25T14:52:33 DUE TO PREEMPTION ***

CondaError: Run 'conda init' before 'conda activate'

cp: -r not specified; omitting directory '/global/home/users/meshal/SIESTA/materials/MoS2/Monolayer/rectangular/1x10/12//Structure'
cp: -r not specified; omitting directory '/global/home/users/meshal/SIESTA/materials/MoS2/Monolayer/rectangular/1x10/12//relaxedStructure'
slurmstepd: error: *** JOB 25006683 ON n0058.savio3 CANCELLED AT 2025-04-25T15:22:21 DUE TO PREEMPTION ***

CondaError: Run 'conda init' before 'conda activate'

cp: -r not specified; omitting directory '/global/home/users/meshal/SIESTA/materials/MoS2/Monolayer/rectangular/1x10/12//Structure'
cp: -r not specified; omitting directory '/global/home/users/meshal/SIESTA/materials/MoS2/Monolayer/rectangular/1x10/12//relaxedStructure'
slurmstepd: error: *** JOB 25006683 ON n0014.savio3 CANCELLED AT 2025-04-25T20:09:55 DUE TO PREEMPTION ***

CondaError: Run 'conda init' before 'conda activate'

cp: -r not specified; omitting directory '/global/home/users/meshal/SIESTA/materials/MoS2/Monolayer/rectangular/1x10/12//Structure'
cp: -r not specified; omitting directory '/global/home/users/meshal/SIESTA/materials/MoS2/Monolayer/rectangular/1x10/12//relaxedStructure'
slurmstepd: error: *** JOB 25006683 ON n0077.savio3 CANCELLED AT 2025-04-26T12:40:18 DUE TO PREEMPTION ***

CondaError: Run 'conda init' before 'conda activate'

cp: -r not specified; omitting directory '/global/home/users/meshal/SIESTA/materials/MoS2/Monolayer/rectangular/1x10/12//Structure'
cp: -r not specified; omitting directory '/global/home/users/meshal/SIESTA/materials/MoS2/Monolayer/rectangular/1x10/12//relaxedStructure'
